SF:lib\src\graphics\implementation\fluttertilebitmap.dart
DA:8,2
DA:10,0
DA:16,0
DA:22,0
DA:27,0
DA:32,0
DA:34,0
DA:37,0
DA:39,0
DA:40,0
LF:10
LH:1
end_of_record
SF:lib\src\layer\job\job.dart
DA:17,3
DA:19,1
DA:20,1
DA:24,0
DA:27,0
DA:28,0
DA:29,0
DA:30,0
DA:32,0
DA:33,0
DA:35,0
DA:37,0
LF:12
LH:3
end_of_record
SF:lib\src\layer\job\jobresult.dart
DA:13,1
LF:1
LH:1
end_of_record
SF:lib\src\model\tag.dart
DA:21,2
DA:26,0
DA:27,0
DA:28,0
DA:37,0
DA:39,0
DA:41,0
DA:45,0
DA:48,0
DA:51,0
DA:52,0
DA:53,0
DA:54,0
DA:56,1
DA:57,5
DA:59,0
DA:61,0
LF:17
LH:3
end_of_record
SF:lib\src\cache\filesymbolcache.dart
DA:18,0
DA:19,0
DA:29,1
DA:32,1
DA:35,0
DA:37,0
DA:38,0
DA:42,0
DA:45,0
DA:49,0
DA:50,0
DA:52,0
DA:55,0
DA:56,0
DA:57,0
DA:60,0
DA:64,0
DA:65,0
DA:66,0
DA:67,0
DA:68,0
DA:69,0
DA:71,0
LF:23
LH:2
end_of_record
SF:lib\src\cache\filetilebitmapcache.dart
DA:16,0
DA:34,0
DA:36,0
DA:38,0
DA:40,0
DA:41,0
DA:45,0
DA:47,0
DA:48,0
DA:53,0
DA:54,0
DA:55,0
DA:57,0
DA:59,0
DA:60,0
DA:61,0
DA:62,0
DA:63,0
DA:65,0
DA:70,0
DA:71,0
DA:75,0
DA:76,0
DA:78,0
DA:79,0
DA:80,0
DA:81,0
DA:82,0
DA:92,0
DA:96,0
DA:99,0
DA:100,0
DA:105,0
DA:106,0
DA:109,0
DA:111,0
DA:114,0
DA:119,0
DA:120,0
DA:121,0
DA:122,0
DA:124,0
DA:125,0
DA:128,0
DA:129,0
DA:130,0
DA:131,0
DA:132,0
DA:136,0
DA:137,0
DA:138,0
DA:139,0
DA:143,0
DA:145,0
DA:146,0
DA:150,0
DA:152,0
DA:154,0
DA:157,0
DA:158,0
DA:159,0
DA:161,0
DA:169,0
DA:170,0
DA:171,0
DA:172,0
DA:173,0
DA:174,0
DA:175,0
DA:177,0
DA:178,0
DA:180,0
DA:184,0
DA:185,0
DA:188,0
DA:194,0
DA:198,0
DA:201,0
DA:202,0
DA:204,0
DA:207,0
DA:208,0
LF:82
LH:0
end_of_record
SF:lib\src\cache\imageabsoluteloader.dart
DA:17,0
DA:22,0
DA:25,0
DA:26,0
DA:27,0
DA:28,0
DA:29,0
DA:30,0
DA:31,0
DA:32,0
DA:34,0
DA:35,0
DA:37,0
DA:38,0
DA:39,0
DA:40,0
DA:41,0
LF:17
LH:0
end_of_record
SF:lib\src\cache\imagebuilder.dart
DA:8,1
DA:10,0
DA:12,0
DA:13,0
DA:14,0
DA:17,0
DA:18,0
DA:20,0
DA:23,0
DA:25,0
DA:26,0
DA:28,0
DA:36,0
DA:38,0
DA:39,0
DA:40,0
DA:41,0
DA:42,0
DA:43,0
DA:44,0
DA:45,0
DA:48,0
DA:49,0
DA:51,0
DA:52,0
DA:56,0
DA:58,0
DA:59,0
DA:61,0
DA:62,0
LF:30
LH:1
end_of_record
SF:lib\src\cache\imagebundleloader.dart
DA:12,1
DA:17,0
DA:20,0
DA:21,0
DA:22,0
DA:23,0
DA:24,0
DA:25,0
DA:27,0
DA:28,0
LF:10
LH:1
end_of_record
SF:lib\src\cache\imagerelativeloader.dart
DA:15,0
DA:20,0
DA:23,0
DA:24,0
DA:25,0
DA:26,0
DA:27,0
DA:28,0
DA:30,0
DA:31,0
DA:33,0
DA:34,0
DA:35,0
DA:36,0
LF:14
LH:0
end_of_record
SF:lib\src\cache\isolatefiletilebitmapcache.dart
DA:22,0
DA:28,0
DA:30,0
DA:32,0
DA:34,0
DA:35,0
DA:39,0
DA:40,0
DA:41,0
DA:46,0
DA:47,0
DA:48,0
DA:50,0
DA:52,0
DA:53,0
DA:54,0
DA:55,0
DA:56,0
DA:58,0
DA:63,0
DA:64,0
DA:68,0
DA:69,0
DA:70,0
DA:72,0
DA:73,0
DA:74,0
DA:75,0
DA:76,0
DA:86,0
DA:90,0
DA:93,0
DA:94,0
DA:99,0
DA:100,0
DA:103,0
DA:105,0
DA:108,0
DA:113,0
DA:114,0
DA:115,0
DA:117,0
DA:118,0
DA:119,0
DA:120,0
DA:123,0
DA:125,0
DA:126,0
DA:130,0
DA:132,0
DA:134,0
DA:137,0
DA:138,0
DA:140,0
DA:142,0
DA:150,0
DA:151,0
DA:152,0
DA:153,0
DA:154,0
DA:155,0
DA:156,0
DA:158,0
DA:159,0
DA:161,0
DA:165,0
DA:166,0
DA:169,0
DA:173,0
DA:176,0
DA:177,0
DA:179,0
DA:182,0
DA:183,0
DA:189,0
DA:191,0
DA:196,0
DA:199,0
DA:201,0
DA:202,0
DA:204,0
DA:205,0
DA:210,0
DA:211,0
DA:212,0
DA:216,0
DA:218,0
DA:219,0
DA:221,0
DA:222,0
DA:226,0
DA:227,0
DA:240,0
DA:248,0
DA:249,0
LF:95
LH:0
end_of_record
SF:lib\src\utils\isolatemixin.dart
DA:28,0
DA:31,0
DA:32,0
DA:33,0
DA:37,0
DA:38,0
DA:39,0
DA:43,0
DA:46,0
DA:47,0
DA:48,0
DA:49,0
DA:59,0
DA:60,0
DA:67,0
DA:71,0
DA:73,0
DA:74,0
DA:75,0
DA:76,0
DA:77,0
DA:79,0
DA:81,0
DA:83,0
DA:85,0
DA:86,0
DA:88,0
DA:89,0
DA:90,0
DA:94,0
DA:96,0
DA:99,0
DA:101,0
DA:102,0
DA:104,0
DA:106,0
DA:112,0
DA:114,0
DA:115,0
DA:116,0
DA:125,0
DA:131,1
DA:141,2
DA:143,0
DA:145,0
LF:45
LH:2
end_of_record
SF:lib\src\cache\memorytilebitmapcache.dart
DA:11,0
DA:17,0
DA:18,0
DA:19,0
DA:23,0
DA:24,0
DA:25,0
DA:29,0
DA:30,0
DA:31,0
DA:35,0
DA:36,0
DA:37,0
DA:42,0
DA:44,0
DA:45,0
DA:46,0
DA:49,0
DA:51,0
DA:54,0
DA:56,0
DA:59,0
DA:66,0
DA:69,0
DA:71,0
DA:74,0
DA:76,0
DA:77,0
DA:78,0
DA:82,0
DA:83,0
LF:31
LH:0
end_of_record
SF:lib\src\cache\symbolcache.dart
DA:7,1
DA:12,0
LF:2
LH:1
end_of_record
SF:lib\src\cache\webtilebitmapcache.dart
DA:18,0
DA:38,0
DA:44,0
DA:46,0
DA:48,0
DA:49,0
DA:53,0
DA:54,0
DA:55,0
DA:60,0
DA:61,0
DA:62,0
DA:64,0
DA:66,0
DA:67,0
DA:68,0
DA:69,0
DA:70,0
DA:72,0
DA:77,0
DA:78,0
DA:82,0
DA:83,0
DA:85,0
DA:86,0
DA:87,0
DA:88,0
DA:89,0
DA:90,0
DA:91,0
DA:95,0
DA:96,0
DA:99,0
DA:100,0
DA:101,0
DA:102,0
DA:103,0
DA:106,0
DA:107,0
DA:110,0
DA:114,0
DA:117,0
DA:118,0
DA:123,0
DA:124,0
DA:127,0
DA:129,0
DA:132,0
DA:137,0
DA:138,0
DA:140,0
DA:141,0
DA:142,0
DA:147,0
DA:148,0
DA:151,0
DA:152,0
DA:153,0
DA:154,0
DA:155,0
DA:159,0
DA:160,0
DA:161,0
DA:162,0
DA:166,0
DA:168,0
DA:169,0
DA:174,0
DA:176,0
DA:179,0
DA:180,0
DA:181,0
DA:183,0
DA:184,0
DA:192,0
DA:193,0
DA:194,0
DA:195,0
DA:196,0
DA:197,0
DA:198,0
DA:200,0
DA:201,0
DA:203,0
DA:205,0
DA:209,0
DA:210,0
DA:213,0
DA:219,0
DA:223,0
DA:226,0
DA:227,0
DA:229,0
DA:232,0
DA:233,0
LF:95
LH:0
end_of_record
SF:lib\src\exceptions\filenotfoundexception.dart
DA:4,0
DA:6,0
DA:8,0
LF:3
LH:0
end_of_record
SF:lib\src\graphics\graphicfactory.dart
DA:13,1
DA:19,0
LF:2
LH:1
end_of_record
SF:lib\src\model\boundingbox.dart
DA:43,1
DA:45,2
DA:46,2
DA:58,0
DA:63,0
DA:64,0
DA:65,0
DA:67,0
DA:68,0
DA:69,0
DA:70,0
DA:77,0
DA:85,1
DA:86,2
DA:87,2
DA:88,2
DA:89,2
DA:96,1
DA:97,3
DA:100,0
DA:101,0
DA:102,0
DA:105,0
DA:108,0
DA:109,0
DA:110,0
DA:111,0
DA:112,0
DA:113,0
DA:114,0
DA:116,0
DA:118,0
DA:119,0
DA:120,0
DA:121,0
DA:122,0
DA:128,0
DA:129,0
DA:130,0
DA:131,0
DA:132,0
DA:133,0
DA:229,0
DA:230,0
DA:231,0
DA:235,0
DA:236,0
DA:237,0
DA:240,0
DA:242,0
DA:244,0
DA:246,0
DA:248,0
DA:254,0
DA:255,0
DA:256,0
DA:257,0
DA:258,0
DA:264,0
DA:265,0
DA:271,0
DA:272,0
DA:291,0
DA:292,0
DA:296,0
DA:297,0
DA:298,0
DA:299,0
DA:312,1
DA:313,5
DA:316,2
DA:317,2
DA:318,1
DA:326,0
DA:327,0
DA:328,0
DA:329,0
DA:331,0
DA:332,0
DA:333,0
DA:334,0
DA:335,0
DA:336,0
DA:339,0
DA:340,0
DA:343,0
DA:345,0
LF:87
LH:15
end_of_record
SF:lib\src\model\dimension.dart
DA:7,0
DA:8,0
DA:9,0
DA:11,0
DA:14,0
DA:15,0
DA:16,0
DA:17,0
DA:19,0
DA:20,0
DA:27,0
DA:28,0
DA:31,0
DA:33,0
LF:14
LH:0
end_of_record
SF:lib\src\model\displaymodel.dart
DA:61,0
DA:62,0
DA:65,1
DA:73,3
DA:74,2
DA:75,1
DA:76,1
DA:84,0
DA:85,0
DA:91,0
DA:92,0
DA:101,1
DA:102,1
DA:110,1
DA:111,3
DA:115,1
DA:116,3
DA:122,0
DA:123,0
DA:131,0
DA:132,0
DA:140,0
DA:141,0
DA:147,0
DA:148,0
DA:151,1
DA:152,4
DA:155,1
DA:156,4
LF:29
LH:15
end_of_record
SF:lib\src\model\latlong.dart
DA:27,0
DA:28,0
DA:37,2
DA:84,0
DA:87,0
DA:88,0
DA:89,0
DA:90,0
DA:92,0
DA:93,0
DA:104,0
DA:105,0
DA:106,0
DA:118,0
DA:119,0
DA:120,0
DA:121,0
DA:122,0
DA:123,0
DA:124,0
DA:132,0
DA:133,0
DA:141,0
DA:142,0
DA:150,0
DA:151,0
DA:159,0
DA:160,0
DA:175,0
DA:177,0
LF:30
LH:1
end_of_record
SF:lib\src\model\mapmodel.dart
DA:14,0
DA:21,0
DA:23,0
DA:24,0
DA:25,0
DA:26,0
DA:28,0
DA:29,0
DA:30,0
DA:31,0
DA:37,0
DA:38,0
DA:39,0
DA:42,0
DA:43,0
DA:44,0
LF:16
LH:0
end_of_record
SF:lib\src\model\mappoint.dart
DA:15,6
DA:18,0
DA:19,0
DA:22,0
DA:25,0
DA:26,0
DA:27,0
DA:28,0
DA:30,0
DA:31,0
DA:33,1
DA:34,1
DA:37,5
DA:40,0
DA:42,0
LF:15
LH:4
end_of_record
SF:lib\src\model\mapviewposition.dart
DA:47,0
DA:51,0
DA:52,0
DA:53,0
DA:54,0
DA:56,0
DA:57,0
DA:58,0
DA:59,0
DA:60,0
DA:61,0
DA:62,0
DA:66,0
DA:67,0
DA:69,0
DA:73,0
DA:74,0
DA:75,0
DA:76,0
DA:80,0
DA:81,0
DA:83,0
DA:84,0
DA:85,0
DA:86,0
DA:87,0
DA:88,0
DA:89,0
DA:93,0
DA:94,0
DA:96,0
DA:97,0
DA:98,0
DA:99,0
DA:100,0
DA:101,0
DA:102,0
DA:106,0
DA:107,0
DA:109,0
DA:113,0
DA:114,0
DA:115,0
DA:116,0
DA:120,0
DA:121,0
DA:123,0
DA:124,0
DA:125,0
DA:126,0
DA:127,0
DA:128,0
DA:129,0
DA:130,0
DA:133,0
DA:134,0
DA:135,0
DA:136,0
DA:138,0
DA:139,0
DA:140,0
DA:141,0
DA:142,0
DA:143,0
DA:144,0
DA:145,0
DA:148,0
DA:149,0
DA:150,0
DA:151,0
DA:153,0
DA:154,0
DA:155,0
DA:156,0
DA:158,0
DA:159,0
DA:160,0
DA:163,0
DA:164,0
DA:165,0
DA:166,0
DA:173,0
DA:174,0
DA:175,0
DA:176,0
DA:177,0
DA:178,0
DA:179,0
DA:180,0
DA:181,0
DA:182,0
DA:183,0
DA:185,0
DA:186,0
DA:187,0
DA:188,0
DA:189,0
DA:190,0
DA:191,0
DA:192,0
DA:193,0
DA:194,0
DA:195,0
DA:197,0
DA:198,0
DA:199,0
DA:200,0
DA:201,0
DA:202,0
DA:203,0
DA:204,0
DA:205,0
DA:206,0
DA:207,0
DA:208,0
DA:210,0
DA:212,0
DA:213,0
DA:214,0
DA:215,0
DA:216,0
DA:217,0
DA:218,0
DA:221,0
DA:222,0
DA:223,0
DA:224,0
DA:225,0
DA:227,0
DA:228,0
DA:229,0
DA:230,0
DA:233,0
DA:234,0
DA:235,0
DA:236,0
DA:237,0
DA:238,0
DA:239,0
DA:240,0
DA:241,0
DA:242,0
DA:243,0
DA:244,0
DA:246,0
DA:247,0
DA:250,0
DA:251,0
DA:255,0
DA:256,0
DA:257,0
DA:258,0
DA:259,0
DA:260,0
DA:261,0
DA:262,0
DA:263,0
DA:264,0
DA:265,0
DA:266,0
DA:267,0
DA:268,0
DA:269,0
DA:270,0
DA:271,0
DA:272,0
DA:275,0
DA:280,0
DA:282,0
DA:283,0
DA:284,0
DA:285,0
DA:289,0
DA:292,0
DA:295,0
DA:296,0
DA:297,0
DA:298,0
DA:299,0
DA:300,0
DA:304,0
DA:307,0
DA:309,0
DA:312,0
DA:313,0
DA:314,0
DA:315,0
DA:316,0
DA:317,0
DA:318,0
DA:319,0
DA:321,0
DA:323,0
DA:324,0
DA:325,0
DA:326,0
DA:327,0
DA:328,0
DA:330,0
DA:332,0
LF:200
LH:0
end_of_record
SF:lib\src\model\tile.dart
DA:23,1
DA:24,1
DA:25,0
DA:26,1
DA:29,3
DA:36,1
DA:37,2
DA:38,2
DA:39,2
DA:40,2
DA:41,2
DA:42,0
DA:43,0
DA:44,2
DA:45,0
DA:46,0
DA:50,0
DA:52,0
DA:55,0
DA:56,0
DA:57,0
DA:58,0
DA:59,0
DA:60,0
DA:62,1
DA:64,3
DA:65,3
DA:66,3
DA:67,3
DA:72,1
DA:74,2
DA:75,2
DA:76,2
DA:77,2
DA:78,2
DA:79,2
DA:80,2
DA:81,2
DA:90,1
DA:91,2
DA:92,1
DA:93,0
DA:95,4
DA:103,1
DA:104,2
DA:105,3
DA:108,4
DA:116,1
DA:117,2
DA:118,1
DA:119,0
DA:121,4
DA:130,1
DA:131,2
DA:132,3
DA:135,4
DA:143,1
DA:144,2
DA:145,2
DA:146,1
DA:147,0
DA:149,1
DA:150,0
DA:152,3
DA:160,1
DA:161,2
DA:162,2
DA:163,1
DA:164,0
DA:166,3
DA:169,3
DA:177,1
DA:178,2
DA:179,2
DA:180,3
DA:183,1
DA:184,0
DA:186,3
DA:194,1
DA:195,2
DA:196,2
DA:197,3
DA:200,3
DA:203,3
DA:207,0
DA:208,0
DA:212,0
DA:213,0
DA:216,0
DA:217,0
DA:221,0
DA:224,0
DA:225,0
DA:229,0
DA:232,1
DA:233,2
DA:234,2
DA:235,1
DA:238,1
DA:240,5
LF:100
LH:71
end_of_record
SF:lib\src\model\viewmodel.dart
DA:31,0
DA:36,0
DA:41,0
DA:46,0
DA:52,0
DA:53,0
DA:58,0
DA:59,0
DA:64,0
DA:65,0
DA:70,0
DA:71,0
DA:73,0
DA:78,0
DA:79,0
DA:80,0
DA:83,0
DA:84,0
DA:87,0
DA:88,0
DA:89,0
DA:90,0
DA:91,0
DA:92,0
DA:93,0
DA:94,0
DA:97,0
DA:99,0
DA:100,0
DA:101,0
DA:102,0
DA:103,0
DA:106,0
DA:107,0
DA:108,0
DA:109,0
DA:110,0
DA:111,0
DA:113,0
DA:116,0
DA:117,0
DA:118,0
DA:119,0
DA:120,0
DA:121,0
DA:125,0
DA:127,0
DA:128,0
DA:129,0
DA:130,0
DA:133,0
DA:134,0
DA:135,0
DA:137,0
DA:138,0
DA:140,0
DA:143,0
DA:144,0
DA:145,0
DA:147,0
DA:148,0
DA:152,0
DA:153,0
DA:154,0
DA:155,0
DA:156,0
DA:157,0
DA:160,0
DA:161,0
DA:162,0
DA:164,0
DA:165,0
DA:166,0
DA:169,0
DA:170,0
DA:171,0
DA:172,0
DA:173,0
DA:174,0
DA:177,0
DA:178,0
DA:179,0
DA:180,0
DA:181,0
DA:182,0
DA:183,0
DA:185,0
DA:186,0
DA:187,0
DA:190,0
DA:194,0
DA:195,0
DA:196,0
DA:197,0
DA:198,0
DA:203,0
DA:204,0
DA:205,0
DA:206,0
DA:207,0
DA:208,0
DA:209,0
DA:210,0
DA:211,0
DA:215,0
DA:216,0
DA:217,0
DA:219,0
DA:220,0
DA:221,0
DA:224,0
DA:225,0
DA:227,0
DA:228,0
DA:229,0
DA:232,0
DA:233,0
DA:234,0
DA:235,0
DA:237,0
DA:238,0
DA:239,0
DA:242,0
DA:245,0
DA:247,0
DA:248,0
DA:249,0
DA:250,0
DA:255,0
DA:256,0
DA:264,0
DA:265,0
DA:267,0
DA:268,0
DA:270,0
DA:271,0
DA:275,0
DA:278,0
DA:280,0
DA:281,0
DA:283,0
DA:284,0
DA:285,0
DA:289,0
DA:290,0
DA:291,0
DA:294,0
DA:297,0
DA:298,0
DA:299,0
DA:300,0
DA:301,0
DA:302,0
DA:303,0
DA:308,0
DA:309,0
DA:311,0
DA:312,0
DA:313,0
DA:315,0
DA:318,0
DA:319,0
DA:320,0
DA:322,0
DA:323,0
DA:327,0
DA:328,0
DA:329,0
DA:330,0
DA:331,0
DA:332,0
DA:334,0
DA:337,0
DA:338,0
DA:339,0
DA:340,0
DA:341,0
DA:342,0
DA:346,0
DA:347,0
DA:349,0
DA:350,0
DA:351,0
DA:353,0
DA:356,0
DA:357,0
DA:358,0
DA:359,0
DA:360,0
DA:361,0
DA:367,0
DA:368,0
DA:372,0
DA:373,0
DA:377,0
DA:378,0
DA:383,0
DA:384,0
DA:387,0
DA:388,0
DA:392,0
DA:393,0
DA:396,0
DA:397,0
DA:400,0
DA:401,0
DA:404,0
DA:405,0
DA:413,0
DA:416,0
DA:417,0
DA:418,0
DA:419,0
DA:420,0
DA:421,0
DA:422,0
DA:423,0
DA:424,0
DA:426,0
DA:429,0
DA:430,0
DA:431,0
DA:449,0
DA:450,0
DA:453,0
DA:455,0
DA:461,1
DA:466,0
DA:468,0
DA:476,0
DA:480,0
LF:231
LH:1
end_of_record
SF:lib\src\utils\latlongutils.dart
DA:32,0
DA:34,0
DA:35,0
DA:36,0
DA:37,0
DA:38,0
DA:39,0
DA:40,0
DA:41,0
DA:53,0
DA:56,0
DA:57,0
DA:79,1
DA:80,6
DA:81,4
DA:89,1
DA:90,1
DA:91,5
DA:101,0
DA:102,0
DA:110,0
DA:112,0
DA:113,0
DA:114,0
DA:115,0
DA:116,0
DA:117,0
DA:119,0
DA:120,0
DA:121,0
DA:199,0
DA:200,0
LF:32
LH:6
end_of_record
SF:lib\src\view\contextmenubuilder.dart
DA:17,1
LF:1
LH:1
end_of_record
SF:lib\src\view\defaultcontextmenu.dart
DA:21,0
DA:26,0
DA:28,0
DA:41,0
DA:42,0
DA:44,0
DA:46,0
DA:47,0
DA:53,0
DA:55,0
DA:58,0
DA:59,0
DA:60,0
DA:61,0
DA:62,0
DA:63,0
DA:65,0
DA:66,0
DA:68,0
DA:69,0
DA:70,0
DA:71,0
DA:72,0
DA:73,0
DA:79,0
DA:80,0
DA:82,0
DA:83,0
DA:84,0
DA:85,0
DA:86,0
DA:87,0
DA:88,0
DA:89,0
DA:91,0
DA:92,0
DA:94,0
DA:96,0
DA:98,0
DA:100,0
DA:102,0
DA:103,0
DA:105,0
DA:106,0
DA:108,0
DA:109,0
DA:110,0
DA:111,0
DA:117,0
DA:118,0
DA:119,0
DA:120,0
DA:121,0
DA:122,0
DA:123,0
DA:126,0
DA:127,0
DA:128,0
DA:130,0
DA:131,0
DA:132,0
DA:133,0
DA:134,0
DA:137,0
DA:138,0
DA:140,0
DA:141,0
DA:143,0
DA:144,0
DA:149,0
DA:152,0
DA:153,0
LF:72
LH:0
end_of_record
SF:lib\src\view\defaultcontextmenubuilder.dart
DA:11,0
DA:19,0
DA:27,1
LF:3
LH:1
end_of_record
SF:lib\src\view\distance_overlay.dart
DA:12,0
DA:14,0
DA:16,0
DA:39,0
DA:40,0
DA:42,0
DA:44,0
DA:46,0
DA:53,0
DA:54,0
DA:59,0
DA:61,0
DA:62,0
DA:65,0
DA:67,0
DA:68,0
DA:69,0
DA:73,0
DA:76,0
DA:77,0
DA:78,0
DA:79,0
DA:81,0
DA:82,0
DA:84,0
DA:85,0
DA:86,0
DA:88,0
DA:89,0
DA:90,0
DA:91,0
DA:92,0
DA:93,0
DA:100,0
DA:101,0
DA:102,0
DA:103,0
DA:104,0
DA:105,0
DA:106,0
DA:107,0
DA:108,0
DA:109,0
DA:114,0
DA:116,0
DA:118,0
DA:119,0
DA:120,0
DA:121,0
DA:122,0
DA:123,0
DA:127,0
DA:137,0
DA:139,0
DA:140,0
DA:141,0
DA:143,0
DA:145,0
DA:147,0
DA:148,0
DA:149,0
DA:150,0
DA:151,0
DA:152,0
DA:153,0
DA:154,0
DA:155,0
DA:156,0
DA:157,0
DA:158,0
DA:159,0
DA:161,0
DA:164,0
DA:167,0
DA:168,0
DA:169,0
DA:170,0
DA:171,0
DA:183,0
DA:185,0
DA:187,0
DA:188,0
DA:189,0
DA:190,0
DA:192,0
DA:193,0
DA:194,0
DA:195,0
DA:196,0
DA:197,0
DA:200,0
DA:206,0
DA:211,0
DA:214,0
LF:94
LH:0
end_of_record
SF:lib\src\view\indoorlevel_zoom_overlay.dart
DA:9,0
DA:11,0
DA:13,0
DA:26,0
DA:27,0
DA:29,0
DA:31,0
DA:38,0
DA:39,0
DA:43,0
DA:46,0
DA:48,0
DA:49,0
DA:52,0
DA:54,0
DA:55,0
DA:56,0
DA:57,0
DA:61,0
DA:64,0
DA:65,0
DA:66,0
DA:68,0
DA:69,0
DA:70,0
DA:71,0
DA:72,0
DA:74,0
DA:75,0
DA:82,0
DA:83,0
DA:84,0
DA:85,0
DA:86,0
DA:92,0
DA:95,0
DA:96,0
DA:97,0
DA:106,0
DA:107,0
DA:108,0
LF:41
LH:0
end_of_record
SF:lib\src\view\indoorlevelbar.dart
DA:23,0
DA:35,0
DA:37,0
DA:38,0
DA:51,0
DA:53,0
DA:54,0
DA:57,0
DA:59,0
DA:60,0
DA:61,0
DA:62,0
DA:65,0
DA:68,0
DA:69,0
DA:70,0
DA:72,0
DA:73,0
DA:75,0
DA:77,0
DA:79,0
DA:80,0
DA:82,0
DA:83,0
DA:85,0
DA:87,0
DA:93,0
DA:94,0
DA:95,0
DA:96,0
DA:99,0
DA:100,0
DA:105,0
DA:106,0
DA:107,0
DA:108,0
DA:111,0
DA:112,0
DA:115,0
DA:117,0
DA:120,0
DA:121,0
DA:124,0
DA:125,0
DA:126,0
DA:127,0
DA:128,0
DA:133,0
DA:135,0
DA:141,0
DA:142,0
DA:143,0
DA:144,0
DA:145,0
DA:150,0
DA:151,0
DA:153,0
DA:155,0
DA:156,0
DA:157,0
DA:161,0
DA:162,0
DA:165,0
DA:167,0
DA:168,0
DA:169,0
DA:170,0
DA:171,0
DA:175,0
DA:177,0
DA:178,0
DA:186,0
DA:189,0
DA:190,0
DA:192,0
DA:193,0
DA:194,0
DA:199,0
DA:201,0
DA:214,0
DA:215,0
DA:216,0
DA:217,0
DA:218,0
DA:220,0
DA:221,0
DA:222,0
DA:228,0
DA:229,0
DA:231,0
DA:232,0
DA:234,0
DA:235,0
DA:242,0
DA:243,0
DA:245,0
DA:246,0
DA:248,0
DA:249,0
LF:99
LH:0
end_of_record
SF:lib\src\view\mapview.dart
DA:20,0
DA:22,0
DA:24,0
DA:26,0
DA:33,0
DA:41,0
DA:43,0
DA:44,0
DA:45,0
DA:46,0
DA:47,0
DA:48,0
DA:49,0
DA:52,0
DA:54,0
DA:55,0
DA:58,0
DA:60,0
DA:61,0
DA:62,0
DA:64,0
DA:65,0
DA:66,0
DA:67,0
DA:69,0
DA:73,0
DA:74,0
DA:77,0
DA:79,0
DA:84,0
DA:85,0
DA:88,0
DA:89,0
DA:90,0
DA:92,0
DA:94,0
DA:95,0
DA:101,0
DA:103,0
DA:104,0
DA:105,0
DA:108,0
DA:112,0
DA:115,0
DA:116,0
DA:117,0
DA:118,0
DA:119,0
DA:121,0
DA:123,0
DA:124,0
DA:125,0
DA:126,0
DA:127,0
DA:128,0
DA:129,0
DA:130,0
DA:131,0
DA:132,0
DA:134,0
DA:136,0
DA:137,0
DA:138,0
DA:139,0
DA:140,0
DA:141,0
DA:142,0
DA:144,0
DA:145,0
DA:147,0
DA:148,0
DA:149,0
DA:150,0
DA:151,0
DA:153,0
DA:154,0
DA:156,0
DA:157,0
DA:158,0
DA:159,0
DA:160,0
LF:81
LH:0
end_of_record
SF:lib\src\view\mapview2_widget.dart
DA:41,0
DA:47,0
DA:49,0
DA:51,0
DA:60,0
DA:76,0
DA:78,0
DA:81,0
DA:83,0
DA:84,0
DA:85,0
DA:86,0
DA:87,0
DA:90,0
DA:91,0
DA:94,0
DA:96,0
DA:99,0
DA:100,0
DA:101,0
DA:102,0
DA:105,0
DA:106,0
DA:107,0
DA:108,0
DA:109,0
DA:110,0
DA:112,0
DA:113,0
DA:114,0
DA:115,0
DA:116,0
DA:117,0
DA:118,0
DA:120,0
DA:121,0
DA:122,0
DA:123,0
DA:127,0
DA:128,0
DA:129,0
DA:130,0
DA:131,0
DA:132,0
DA:133,0
DA:134,0
DA:135,0
DA:136,0
DA:138,0
DA:139,0
DA:140,0
DA:141,0
DA:142,0
DA:143,0
DA:145,0
DA:146,0
DA:147,0
DA:149,0
DA:153,0
DA:154,0
DA:155,0
DA:156,0
DA:157,0
DA:158,0
DA:162,0
DA:164,0
DA:165,0
DA:166,0
DA:169,0
DA:175,0
DA:176,0
DA:179,0
DA:180,0
DA:181,0
DA:183,0
DA:184,0
DA:191,0
DA:193,0
DA:194,0
DA:195,0
DA:198,0
DA:202,0
DA:205,0
DA:207,0
DA:208,0
DA:209,0
DA:210,0
DA:211,0
DA:212,0
DA:213,0
DA:214,0
DA:216,0
DA:217,0
DA:218,0
DA:220,0
DA:221,0
DA:222,0
DA:224,0
DA:225,0
DA:226,0
DA:228,0
DA:229,0
DA:230,0
DA:231,0
DA:232,0
DA:233,0
DA:234,0
DA:235,0
DA:236,0
DA:240,0
DA:241,0
DA:246,0
DA:247,0
DA:248,0
DA:249,0
DA:252,0
DA:253,0
DA:254,0
DA:256,0
DA:258,0
DA:259,0
DA:260,0
DA:262,0
DA:264,0
DA:265,0
DA:267,0
DA:268,0
DA:269,0
DA:275,0
DA:277,0
DA:278,0
DA:280,0
DA:281,0
DA:282,0
DA:283,0
DA:284,0
DA:285,0
DA:286,0
DA:287,0
DA:289,0
DA:290,0
DA:291,0
DA:304,0
DA:306,0
DA:308,0
DA:323,0
DA:325,0
DA:326,0
DA:327,0
DA:329,0
DA:332,0
DA:335,0
DA:337,0
DA:338,0
DA:341,0
DA:343,0
DA:344,0
DA:345,0
DA:347,0
DA:348,0
DA:349,0
DA:350,0
DA:368,0
DA:370,0
LF:164
LH:0
end_of_record
SF:lib\src\view\mapview_widget.dart
DA:36,0
DA:42,0
DA:44,0
DA:46,0
DA:53,0
DA:71,0
DA:73,0
DA:76,0
DA:78,0
DA:79,0
DA:80,0
DA:81,0
DA:82,0
DA:84,0
DA:86,0
DA:87,0
DA:90,0
DA:92,0
DA:95,0
DA:96,0
DA:97,0
DA:98,0
DA:99,0
DA:102,0
DA:103,0
DA:104,0
DA:105,0
DA:106,0
DA:107,0
DA:108,0
DA:111,0
DA:112,0
DA:113,0
DA:114,0
DA:115,0
DA:116,0
DA:117,0
DA:118,0
DA:119,0
DA:121,0
DA:122,0
DA:123,0
DA:124,0
DA:125,0
DA:129,0
DA:130,0
DA:131,0
DA:132,0
DA:133,0
DA:134,0
DA:135,0
DA:136,0
DA:137,0
DA:138,0
DA:139,0
DA:142,0
DA:143,0
DA:144,0
DA:145,0
DA:147,0
DA:148,0
DA:150,0
DA:151,0
DA:152,0
DA:156,0
DA:157,0
DA:158,0
DA:159,0
DA:160,0
DA:161,0
DA:162,0
DA:163,0
DA:164,0
DA:167,0
DA:173,0
DA:174,0
DA:175,0
DA:176,0
DA:180,0
DA:182,0
DA:183,0
DA:186,0
DA:189,0
DA:195,0
DA:196,0
DA:197,0
DA:199,0
DA:200,0
DA:207,0
DA:209,0
DA:210,0
DA:211,0
DA:214,0
DA:218,0
DA:221,0
DA:222,0
DA:223,0
DA:224,0
DA:225,0
DA:226,0
DA:227,0
DA:228,0
DA:231,0
DA:232,0
DA:233,0
DA:234,0
DA:235,0
DA:236,0
DA:237,0
DA:238,0
DA:239,0
DA:240,0
DA:241,0
DA:243,0
DA:244,0
DA:245,0
DA:247,0
DA:248,0
DA:249,0
DA:250,0
DA:251,0
DA:252,0
DA:253,0
DA:254,0
DA:258,0
DA:259,0
DA:264,0
DA:265,0
DA:266,0
DA:267,0
DA:270,0
DA:272,0
DA:273,0
DA:274,0
DA:276,0
DA:278,0
DA:279,0
DA:281,0
DA:282,0
DA:283,0
DA:289,0
DA:291,0
DA:292,0
DA:294,0
DA:295,0
DA:296,0
DA:297,0
DA:298,0
DA:299,0
DA:300,0
DA:301,0
DA:302,0
DA:303,0
DA:306,0
DA:308,0
DA:309,0
DA:310,0
DA:325,0
DA:330,0
DA:332,0
DA:343,0
DA:345,0
DA:346,0
DA:347,0
DA:350,0
DA:353,0
DA:355,0
DA:356,0
DA:359,0
DA:361,0
DA:365,0
DA:366,0
DA:367,0
DA:368,0
DA:369,0
DA:386,0
DA:388,0
LF:177
LH:0
end_of_record
SF:lib\src\view\nopositionview.dart
DA:4,1
DA:6,0
LF:2
LH:1
end_of_record
SF:lib\src\view\zoom_overlay.dart
DA:15,0
DA:16,0
DA:17,0
DA:19,0
DA:21,0
DA:34,0
DA:35,0
DA:37,0
DA:39,0
DA:41,0
DA:48,0
DA:49,0
DA:54,0
DA:56,0
DA:57,0
DA:60,0
DA:62,0
DA:64,0
DA:65,0
DA:66,0
DA:67,0
DA:68,0
DA:69,0
DA:71,0
DA:72,0
DA:73,0
DA:74,0
DA:76,0
DA:81,0
DA:82,0
DA:83,0
DA:85,0
DA:86,0
DA:87,0
DA:96,0
DA:97,0
DA:98,0
LF:37
LH:0
end_of_record
SF:lib\src\datastore\datastore.dart
DA:9,1
LF:1
LH:1
end_of_record
SF:lib\src\datastore\memorydatastore.dart
DA:15,0
DA:18,0
DA:21,0
DA:24,0
DA:27,0
DA:30,0
DA:33,1
DA:35,2
DA:36,1
DA:37,1
DA:38,0
DA:39,1
DA:40,1
DA:41,2
DA:42,3
DA:43,1
DA:46,1
DA:47,1
DA:50,0
DA:53,0
DA:56,0
DA:59,0
DA:62,1
DA:80,0
DA:81,0
DA:84,1
DA:85,2
DA:88,0
DA:90,0
DA:93,1
DA:95,1
LF:31
LH:16
end_of_record
SF:lib\src\datastore\multimapdatastore.dart
DA:23,0
DA:34,0
DA:35,0
DA:36,0
DA:43,0
DA:45,0
DA:46,0
DA:48,0
DA:50,0
DA:53,0
DA:63,0
DA:65,0
DA:66,0
DA:67,0
DA:68,0
DA:69,0
DA:72,0
DA:74,0
DA:75,0
DA:76,0
DA:77,0
DA:79,0
DA:80,0
DA:86,0
DA:87,0
DA:88,0
DA:89,0
DA:90,0
DA:99,0
DA:101,0
DA:102,0
DA:103,0
DA:104,0
DA:105,0
DA:106,0
DA:110,0
DA:111,0
DA:113,0
DA:114,0
DA:115,0
DA:123,0
DA:125,0
DA:126,0
DA:128,0
DA:129,0
DA:130,0
DA:131,0
DA:135,0
DA:136,0
DA:137,0
DA:138,0
DA:143,0
DA:145,0
DA:147,0
DA:148,0
DA:149,0
DA:151,0
DA:155,0
DA:156,0
DA:157,0
DA:163,0
DA:166,0
DA:167,0
DA:169,0
DA:170,0
DA:171,0
DA:172,0
DA:176,0
DA:177,0
DA:178,0
DA:179,0
DA:184,0
DA:187,0
DA:189,0
DA:190,0
DA:191,0
DA:193,0
DA:197,0
DA:198,0
DA:199,0
DA:205,0
DA:207,0
DA:208,0
DA:210,0
DA:211,0
DA:212,0
DA:213,0
DA:217,0
DA:218,0
DA:219,0
DA:220,0
DA:225,0
DA:227,0
DA:229,0
DA:230,0
DA:231,0
DA:234,0
DA:239,0
DA:240,0
DA:241,0
DA:242,0
DA:243,0
DA:244,0
DA:252,0
DA:255,0
DA:256,0
DA:258,0
DA:259,0
DA:260,0
DA:261,0
DA:264,0
DA:265,0
DA:266,0
DA:267,0
DA:268,0
DA:273,0
DA:276,0
DA:279,0
DA:280,0
DA:281,0
DA:284,0
DA:286,0
DA:287,0
DA:288,0
DA:291,0
DA:295,0
DA:297,0
DA:298,0
DA:300,0
DA:301,0
DA:302,0
DA:303,0
DA:307,0
DA:308,0
DA:309,0
DA:310,0
DA:315,0
DA:317,0
DA:318,0
DA:319,0
DA:320,0
DA:321,0
DA:325,0
DA:326,0
DA:327,0
DA:333,0
DA:336,0
DA:337,0
DA:339,0
DA:340,0
DA:341,0
DA:342,0
DA:346,0
DA:347,0
DA:348,0
DA:349,0
DA:354,0
DA:357,0
DA:359,0
DA:360,0
DA:361,0
DA:363,0
DA:367,0
DA:368,0
DA:369,0
DA:375,0
DA:376,0
DA:379,0
DA:380,0
DA:383,0
DA:385,0
DA:386,0
DA:393,0
DA:395,0
DA:396,0
DA:400,0
DA:402,0
DA:405,0
DA:407,0
LF:179
LH:0
end_of_record
SF:lib\src\datastore\mapdatastore.dart
DA:17,0
DA:18,0
DA:22,0
DA:23,0
DA:24,0
DA:28,0
DA:29,0
DA:30,0
DA:35,0
DA:36,0
DA:41,0
DA:42,0
DA:43,0
DA:44,0
DA:47,0
DA:58,0
DA:67,0
DA:68,0
DA:83,0
DA:85,0
DA:96,0
DA:99,0
DA:100,0
DA:101,0
DA:104,0
DA:105,0
DA:106,0
DA:108,0
DA:109,0
DA:110,0
DA:131,0
DA:134,0
DA:135,0
DA:136,0
DA:139,0
DA:140,0
DA:141,0
DA:142,0
DA:143,0
DA:144,0
DA:167,0
DA:170,0
DA:171,0
DA:172,0
DA:175,0
DA:176,0
DA:177,0
DA:179,0
DA:180,0
DA:181,0
DA:202,0
LF:51
LH:0
end_of_record
SF:lib\src\datastore\pointofinterest.dart
DA:16,0
DA:18,0
DA:21,0
DA:22,0
DA:23,0
DA:24,0
DA:25,0
DA:27,0
DA:28,0
DA:30,0
DA:32,0
LF:11
LH:0
end_of_record
SF:lib\src\datastore\way.dart
DA:21,1
DA:23,0
DA:26,0
DA:27,0
DA:28,0
DA:29,0
DA:30,0
DA:31,0
DA:33,0
DA:35,0
DA:36,0
DA:37,0
DA:38,0
DA:40,0
DA:41,0
DA:42,0
DA:43,0
DA:45,0
DA:48,0
DA:50,0
LF:20
LH:1
end_of_record
SF:lib\src\datastore\datastorereadresult.dart
DA:16,1
DA:18,0
DA:19,0
DA:20,0
DA:28,0
DA:30,0
DA:31,0
DA:32,0
DA:35,0
DA:36,0
DA:37,0
DA:41,0
DA:42,0
DA:46,0
DA:48,0
LF:15
LH:1
end_of_record
SF:lib\src\labels\tilebasedlabelstore.dart
DA:14,0
DA:23,0
DA:24,0
DA:25,0
DA:26,0
DA:30,0
DA:31,0
DA:32,0
DA:37,0
DA:38,0
DA:39,0
DA:42,0
DA:44,0
DA:45,0
DA:54,0
DA:55,0
DA:56,0
DA:59,0
DA:61,0
DA:64,0
DA:66,0
DA:67,0
DA:68,0
DA:69,0
DA:75,0
DA:77,0
DA:80,0
DA:81,0
LF:28
LH:0
end_of_record
SF:lib\src\mapfile\mapfile.dart
DA:29,0
DA:84,0
DA:86,0
DA:87,0
DA:91,0
DA:93,0
DA:94,0
DA:95,0
DA:104,0
DA:106,0
DA:107,0
DA:108,0
DA:109,0
DA:113,0
DA:118,0
DA:119,0
DA:120,0
DA:121,0
DA:123,0
DA:127,0
DA:129,0
DA:132,0
DA:134,0
DA:135,0
DA:136,0
DA:139,0
DA:141,0
DA:150,0
DA:152,0
DA:158,0
DA:159,0
DA:166,0
DA:167,0
DA:173,0
DA:174,0
DA:175,0
DA:176,0
DA:181,0
DA:189,0
DA:190,0
DA:193,0
DA:195,0
DA:196,0
DA:197,0
DA:200,0
DA:201,0
DA:202,0
DA:206,0
DA:207,0
DA:208,0
DA:212,0
DA:214,0
DA:223,0
DA:224,0
DA:227,0
DA:228,0
DA:229,0
DA:231,0
DA:234,0
DA:236,0
DA:248,0
DA:256,0
DA:257,0
DA:260,0
DA:261,0
DA:262,0
DA:272,0
DA:281,0
DA:284,0
DA:287,0
DA:288,0
DA:289,0
DA:290,0
DA:291,0
DA:292,0
DA:294,0
DA:306,0
DA:307,0
DA:312,0
DA:317,0
DA:318,0
DA:319,0
DA:320,0
DA:321,0
DA:327,0
DA:329,0
DA:332,0
DA:333,0
DA:335,0
DA:336,0
DA:337,0
DA:343,0
DA:344,0
DA:345,0
DA:346,0
DA:348,0
DA:351,0
DA:353,0
DA:355,0
DA:356,0
DA:357,0
DA:367,0
DA:369,0
DA:373,0
DA:375,0
DA:377,0
DA:386,0
DA:393,0
DA:403,0
DA:405,0
DA:415,0
DA:418,0
DA:425,0
DA:428,0
DA:440,0
DA:443,0
DA:446,0
DA:449,0
DA:450,0
DA:451,0
DA:454,0
DA:456,0
DA:458,0
DA:462,0
DA:463,0
DA:464,0
DA:465,0
DA:466,0
DA:469,0
DA:470,0
DA:471,0
DA:475,0
DA:477,0
DA:478,0
DA:480,0
DA:481,0
DA:482,0
DA:483,0
DA:484,0
DA:485,0
DA:486,0
DA:487,0
DA:490,0
DA:492,0
DA:493,0
DA:494,0
DA:505,0
DA:507,0
DA:519,0
DA:522,0
DA:525,0
DA:528,0
DA:529,0
DA:534,0
DA:535,0
DA:536,0
DA:537,0
DA:538,0
DA:539,0
DA:540,0
DA:553,0
DA:554,0
DA:555,0
DA:562,0
DA:564,0
DA:565,0
DA:566,0
DA:568,0
DA:571,0
DA:573,0
DA:574,0
DA:575,0
DA:580,0
DA:582,0
DA:585,0
DA:586,0
LF:176
LH:0
end_of_record
SF:lib\src\projection\mercatorprojection.dart
DA:9,0
DA:17,1
DA:18,1
DA:20,4
DA:23,0
DA:24,0
DA:26,0
DA:27,0
DA:30,2
DA:45,1
DA:47,1
DA:48,0
DA:50,6
DA:60,1
DA:62,2
DA:63,4
DA:64,5
DA:74,1
DA:76,2
DA:77,4
DA:80,4
DA:81,6
DA:89,1
DA:93,2
DA:95,1
DA:96,2
DA:97,6
DA:100,4
DA:103,1
DA:104,2
DA:110,1
DA:113,5
DA:115,4
DA:117,3
DA:119,4
DA:120,2
DA:124,1
DA:127,0
DA:129,0
DA:130,0
DA:131,0
DA:133,0
DA:135,0
DA:137,0
DA:139,0
DA:140,0
DA:144,0
LF:47
LH:31
end_of_record
SF:lib\src\projection\pixelprojection.dart
DA:17,1
DA:18,2
DA:19,1
DA:20,2
DA:24,1
DA:25,5
DA:33,0
DA:34,0
DA:35,0
DA:36,0
DA:44,0
DA:45,0
DA:46,0
DA:47,0
DA:55,1
DA:58,2
DA:61,8
DA:62,4
DA:71,0
DA:72,0
DA:73,0
DA:76,0
DA:77,0
DA:80,0
DA:81,0
DA:90,1
DA:91,4
DA:100,0
DA:101,0
DA:102,0
DA:103,0
DA:111,1
DA:112,3
DA:113,2
DA:121,0
DA:122,0
DA:123,0
DA:124,0
DA:132,0
DA:133,0
DA:134,0
DA:143,1
DA:144,1
DA:145,8
DA:148,0
DA:149,0
DA:150,0
DA:151,0
DA:152,0
DA:153,0
DA:157,0
DA:158,0
DA:159,0
DA:161,0
DA:162,0
DA:163,0
DA:166,0
DA:168,0
DA:170,0
DA:171,0
LF:60
LH:18
end_of_record
SF:lib\src\projection\projection.dart
DA:20,3
DA:30,3
DA:46,0
DA:49,0
DA:65,0
DA:67,0
DA:72,0
DA:74,0
DA:76,0
DA:77,0
DA:79,0
DA:80,0
DA:81,0
DA:83,0
DA:88,0
DA:89,0
DA:90,0
DA:91,0
DA:92,0
DA:93,0
DA:94,0
DA:95,0
DA:105,0
DA:107,0
DA:109,0
DA:112,0
DA:113,0
DA:114,0
DA:115,0
DA:116,0
DA:117,0
DA:119,0
DA:138,0
DA:139,0
DA:140,0
DA:141,0
DA:142,0
DA:143,0
DA:144,0
DA:157,0
DA:158,0
DA:159,0
DA:160,0
DA:161,0
DA:162,0
DA:163,0
DA:164,0
DA:165,0
DA:166,0
DA:167,0
DA:168,0
DA:172,0
DA:174,0
DA:175,0
DA:176,0
DA:177,0
DA:178,0
DA:179,0
DA:180,0
DA:181,0
DA:182,0
DA:183,0
DA:185,0
DA:187,0
DA:188,0
DA:189,0
DA:191,0
DA:192,0
DA:193,0
DA:194,0
DA:195,0
DA:196,0
DA:197,0
DA:198,0
DA:199,0
DA:200,0
DA:201,0
DA:202,0
DA:203,0
DA:204,0
DA:217,0
DA:219,0
DA:220,0
DA:222,0
DA:223,0
DA:226,0
DA:227,0
DA:228,0
DA:229,0
DA:231,0
DA:240,0
DA:241,0
DA:251,0
DA:252,0
DA:253,0
LF:95
LH:2
end_of_record
SF:lib\src\renderer\arcgisonlinerenderer.dart
DA:22,0
DA:27,0
DA:29,0
DA:31,0
DA:32,0
DA:33,0
DA:34,0
DA:36,0
DA:37,0
DA:38,0
DA:40,0
DA:42,0
DA:44,0
DA:45,0
DA:47,0
DA:48,0
DA:51,0
DA:56,0
DA:58,0
DA:71,0
DA:73,0
DA:74,0
DA:75,0
DA:76,0
DA:79,0
DA:80,0
DA:82,0
DA:83,0
DA:84,0
DA:87,0
DA:88,0
DA:89,0
DA:90,0
DA:91,0
LF:34
LH:0
end_of_record
SF:lib\src\renderer\datastore_view_renderer.dart
DA:15,0
DA:25,0
DA:29,0
DA:32,0
DA:34,0
DA:35,0
DA:36,0
DA:37,0
DA:38,0
DA:43,0
DA:44,0
DA:46,0
DA:47,0
DA:48,0
DA:50,0
DA:51,0
DA:54,0
DA:55,0
DA:56,0
DA:69,0
DA:71,0
DA:72,0
DA:73,0
DA:74,0
DA:75,0
DA:77,0
DA:78,0
DA:79,0
DA:82,0
DA:84,0
DA:87,0
DA:89,0
LF:32
LH:0
end_of_record
SF:lib\src\renderer\dummyrenderer.dart
DA:14,0
DA:16,0
DA:17,0
DA:18,0
DA:19,0
DA:20,0
DA:21,0
DA:22,0
DA:24,0
DA:25,0
DA:26,0
DA:27,0
DA:29,0
DA:30,0
DA:34,0
DA:35,0
DA:36,0
DA:37,0
DA:38,0
DA:41,0
DA:43,0
DA:47,0
DA:48,0
DA:51,0
DA:53,0
DA:56,0
LF:26
LH:0
end_of_record
SF:lib\src\renderer\jobrenderer.dart
DA:13,0
DA:43,0
DA:44,0
DA:45,0
DA:46,0
DA:47,0
DA:48,0
DA:49,0
DA:51,0
DA:52,0
DA:53,0
DA:54,0
DA:55,0
DA:56,0
DA:57,0
DA:58,0
DA:60,0
DA:61,0
DA:63,0
DA:64,0
DA:65,0
DA:66,0
DA:67,0
DA:68,0
DA:70,0
DA:71,0
DA:74,0
DA:80,0
DA:81,0
DA:82,0
DA:83,0
DA:84,0
DA:85,0
DA:86,0
DA:88,0
DA:89,0
DA:90,0
DA:91,0
DA:92,0
DA:93,0
DA:94,0
DA:95,0
DA:97,0
DA:98,0
DA:100,0
DA:101,0
DA:102,0
DA:103,0
DA:104,0
DA:105,0
DA:107,0
DA:108,0
DA:112,0
DA:118,0
DA:119,0
DA:120,0
DA:121,0
DA:122,0
DA:123,0
DA:124,0
DA:126,0
DA:127,0
DA:128,0
DA:129,0
DA:130,0
DA:131,0
DA:132,0
DA:133,0
DA:135,0
DA:136,0
DA:138,0
DA:139,0
DA:140,0
DA:141,0
DA:142,0
DA:143,0
DA:145,0
DA:146,0
DA:150,0
LF:79
LH:0
end_of_record
SF:lib\src\renderer\mapdatastorerenderer.dart
DA:26,3
DA:27,0
DA:51,1
DA:54,1
DA:55,2
DA:57,0
DA:59,3
DA:62,0
DA:65,0
DA:66,0
DA:73,1
DA:75,2
DA:79,5
DA:80,4
DA:83,3
DA:84,3
DA:85,1
DA:86,1
DA:87,1
DA:88,6
DA:90,0
DA:91,0
DA:93,3
DA:94,0
DA:95,0
DA:97,1
DA:98,2
DA:99,1
DA:100,6
DA:101,3
DA:102,5
DA:103,1
DA:105,3
DA:107,3
DA:108,1
DA:109,1
DA:110,4
DA:112,1
DA:113,2
DA:114,2
DA:115,2
DA:116,2
DA:118,0
DA:119,0
DA:120,0
DA:124,1
DA:125,1
DA:126,3
DA:127,2
DA:130,2
DA:131,2
DA:132,2
DA:133,2
DA:137,3
DA:145,0
DA:157,1
DA:158,2
DA:159,1
DA:160,1
DA:161,2
DA:164,2
DA:167,0
DA:169,0
DA:173,0
DA:174,0
DA:177,0
DA:178,0
DA:179,0
DA:180,0
DA:181,0
DA:182,0
DA:184,0
DA:186,0
DA:187,0
DA:188,0
DA:193,0
DA:194,0
DA:196,0
DA:197,0
DA:200,0
DA:201,0
DA:204,0
DA:207,0
DA:208,0
DA:209,0
DA:210,0
DA:211,0
DA:212,0
DA:213,0
DA:217,1
DA:226,3
DA:233,0
DA:234,0
DA:235,0
DA:237,0
DA:246,1
DA:247,1
DA:248,2
DA:249,1
DA:254,2
DA:257,1
DA:259,0
DA:260,0
DA:261,0
DA:262,0
DA:263,0
DA:269,0
DA:270,0
DA:273,0
DA:281,0
DA:283,0
DA:284,0
DA:288,0
DA:293,1
DA:296,0
DA:298,0
DA:309,1
LF:117
LH:58
end_of_record
SF:lib\src\renderer\maponlinerenderer.dart
DA:17,0
DA:23,0
DA:24,0
DA:25,0
DA:28,0
DA:30,0
DA:31,0
DA:32,0
DA:34,0
DA:36,0
DA:37,0
DA:38,0
DA:40,0
DA:42,0
DA:44,0
DA:45,0
DA:47,0
DA:48,0
DA:51,0
DA:53,0
DA:56,0
DA:71,0
DA:73,0
DA:74,0
DA:75,0
DA:76,0
DA:79,0
DA:80,0
DA:82,0
DA:83,0
DA:84,0
DA:87,0
DA:88,0
DA:89,0
DA:90,0
DA:91,0
LF:36
LH:0
end_of_record
SF:lib\src\renderer\maponlinerendererweb.dart
DA:18,0
DA:20,0
DA:22,0
DA:23,0
DA:25,0
DA:26,0
DA:28,0
DA:29,0
DA:30,0
DA:32,0
DA:34,0
DA:36,0
DA:37,0
DA:39,0
DA:40,0
DA:43,0
DA:45,0
DA:48,0
DA:63,0
DA:65,0
DA:66,0
DA:67,0
DA:68,0
DA:71,0
DA:72,0
DA:74,0
DA:75,0
DA:76,0
DA:79,0
DA:80,0
DA:81,0
DA:82,0
DA:83,0
LF:33
LH:0
end_of_record
SF:lib\src\renderer\view_renderer.dart
DA:12,0
DA:15,0
DA:18,0
DA:21,0
DA:24,0
DA:27,0
DA:30,0
DA:35,0
DA:38,0
DA:41,0
DA:44,0
LF:11
LH:0
end_of_record
SF:lib\src\rendertheme\rule\rendertheme.dart
DA:44,1
DA:46,1
DA:47,1
DA:48,1
DA:49,1
DA:50,1
DA:51,1
DA:52,2
DA:53,2
DA:54,2
DA:55,2
DA:61,0
DA:62,0
DA:63,0
DA:64,0
DA:65,0
DA:67,0
DA:68,0
DA:69,0
DA:72,0
DA:78,0
DA:79,0
DA:85,0
DA:86,0
DA:92,0
DA:93,0
DA:99,0
DA:100,0
DA:110,0
DA:111,0
DA:121,1
DA:122,1
DA:132,0
DA:133,0
DA:134,0
DA:137,0
DA:140,0
DA:142,0
DA:143,0
DA:145,0
DA:156,1
DA:157,2
DA:158,1
DA:159,2
DA:160,1
DA:162,1
DA:165,2
DA:168,1
DA:169,2
DA:172,0
DA:173,0
DA:176,0
DA:179,0
DA:180,0
DA:188,1
DA:190,4
DA:193,2
DA:196,1
DA:197,5
DA:198,1
DA:201,2
DA:206,0
DA:207,0
DA:208,0
DA:216,0
DA:218,0
DA:221,0
DA:224,0
DA:225,0
DA:226,0
DA:227,0
DA:228,0
DA:229,0
DA:230,0
DA:231,0
DA:232,0
DA:234,0
DA:236,0
DA:237,0
DA:238,0
DA:239,0
DA:240,0
DA:241,0
DA:242,0
LF:84
LH:29
end_of_record
SF:lib\src\rendertheme\xml\renderthemebuilder.dart
DA:19,0
DA:47,1
DA:52,0
DA:54,0
DA:55,0
DA:56,0
DA:57,0
DA:58,0
DA:59,0
DA:60,0
DA:67,1
DA:68,3
DA:69,1
DA:70,3
DA:71,1
DA:72,1
DA:82,1
DA:83,3
DA:84,2
DA:85,1
DA:86,4
DA:88,2
DA:89,1
DA:90,1
DA:92,1
DA:94,1
DA:97,3
DA:98,0
DA:100,1
DA:103,1
DA:104,0
DA:105,1
DA:106,0
DA:107,1
DA:110,1
DA:111,0
DA:112,1
DA:113,0
DA:114,1
DA:115,0
DA:116,1
DA:118,0
DA:120,0
DA:124,1
DA:125,2
DA:126,1
DA:131,1
DA:132,3
DA:133,2
DA:134,1
DA:137,1
DA:139,1
DA:141,1
DA:143,1
DA:144,2
DA:145,2
DA:146,0
DA:148,1
DA:151,1
DA:154,1
DA:155,0
DA:156,0
DA:157,0
DA:158,0
DA:160,0
DA:163,4
DA:166,2
DA:167,1
DA:168,1
DA:170,1
DA:172,1
DA:176,3
DA:177,2
DA:178,1
DA:179,2
DA:181,2
DA:182,4
DA:183,4
DA:186,3
DA:194,3
DA:195,2
DA:196,1
DA:198,1
DA:200,1
DA:201,0
DA:202,1
DA:203,0
DA:204,1
DA:206,0
DA:207,0
DA:208,0
DA:209,0
DA:211,1
DA:212,0
DA:213,1
DA:214,0
DA:218,1
DA:219,1
DA:226,0
DA:230,0
DA:232,1
DA:233,0
DA:234,1
DA:235,0
DA:236,1
DA:238,0
DA:239,0
DA:240,0
DA:241,0
DA:242,0
DA:243,0
DA:244,0
DA:246,0
DA:248,0
DA:252,1
LF:115
LH:71
end_of_record
SF:lib\src\marker\markerdatastore.dart
DA:24,0
DA:27,0
DA:29,0
DA:30,0
DA:31,0
DA:32,0
DA:33,0
DA:35,0
DA:36,0
DA:37,0
DA:38,0
DA:39,0
DA:40,0
DA:41,0
DA:47,0
DA:49,0
DA:51,0
DA:52,0
DA:58,0
DA:59,0
DA:60,0
DA:61,0
DA:62,0
DA:66,0
DA:67,0
DA:68,0
DA:69,0
DA:70,0
DA:73,0
DA:74,0
DA:75,0
DA:76,0
DA:79,0
DA:80,0
DA:81,0
DA:83,0
DA:84,0
DA:87,0
DA:89,0
DA:91,0
DA:92,0
DA:93,0
LF:42
LH:0
end_of_record
SF:lib\src\marker\markerclusterdatastore.dart
DA:28,0
DA:32,0
DA:35,0
DA:37,0
DA:38,0
DA:39,0
DA:40,0
DA:41,0
DA:43,0
DA:44,0
DA:45,0
DA:46,0
DA:47,0
DA:48,0
DA:49,0
DA:50,0
DA:52,0
DA:53,0
DA:54,0
DA:55,0
DA:56,0
DA:58,0
DA:59,0
DA:60,0
DA:62,0
DA:63,0
DA:68,0
DA:70,0
DA:73,0
DA:74,0
DA:76,0
DA:82,0
DA:83,0
DA:84,0
DA:88,0
DA:95,0
DA:97,0
DA:99,0
DA:100,0
DA:106,0
DA:107,0
DA:108,0
DA:111,0
DA:112,0
DA:113,0
DA:114,0
DA:117,0
DA:118,0
DA:119,0
DA:121,0
DA:122,0
DA:125,0
DA:127,0
DA:128,0
DA:129,0
DA:148,0
DA:149,0
DA:150,0
DA:151,0
DA:152,0
DA:155,0
DA:156,0
DA:157,0
DA:158,0
DA:159,0
DA:160,0
DA:161,0
DA:164,0
DA:165,0
DA:166,0
DA:167,0
DA:169,0
DA:171,0
DA:172,0
DA:174,0
DA:181,0
DA:194,0
LF:77
LH:0
end_of_record
SF:lib\src\marker\basicmarker.dart
DA:19,0
DA:26,0
DA:27,0
DA:28,0
DA:29,0
DA:36,0
DA:39,0
DA:41,0
DA:45,0
DA:47,0
DA:48,0
DA:51,0
DA:52,0
DA:54,0
DA:55,0
DA:57,0
DA:59,0
DA:60,0
DA:61,0
DA:64,0
DA:66,0
DA:67,0
DA:68,0
DA:69,0
DA:70,0
DA:72,0
DA:83,0
DA:89,0
DA:90,0
DA:91,0
DA:92,0
DA:97,0
DA:100,0
DA:103,0
DA:104,0
DA:105,0
DA:108,0
DA:109,0
DA:110,0
DA:116,0
DA:118,0
DA:119,0
DA:122,0
DA:132,0
DA:145,0
DA:146,0
DA:147,0
DA:148,0
DA:157,0
DA:164,0
DA:165,0
DA:166,0
DA:167,0
DA:170,0
DA:171,0
DA:172,0
DA:175,0
DA:176,0
DA:177,0
DA:180,0
DA:181,0
DA:182,0
LF:62
LH:0
end_of_record
SF:lib\src\marker\poimarker.dart
DA:31,0
DA:46,0
DA:47,0
DA:48,0
DA:49,0
DA:50,0
DA:51,0
DA:59,0
DA:60,0
DA:61,0
DA:62,0
DA:63,0
DA:64,0
DA:65,0
DA:66,0
DA:67,0
DA:68,0
DA:71,0
DA:74,0
DA:78,0
DA:81,0
DA:84,0
DA:85,0
DA:86,0
DA:87,0
DA:88,0
DA:89,0
DA:93,0
DA:95,0
DA:101,0
DA:102,0
DA:103,0
DA:106,0
DA:107,0
DA:110,0
DA:112,0
DA:113,0
DA:114,0
DA:117,0
DA:129,0
DA:131,0
DA:133,0
DA:134,0
DA:135,0
DA:136,0
DA:137,0
DA:138,0
DA:139,0
DA:140,0
DA:144,0
DA:146,0
DA:148,0
DA:150,0
DA:152,0
DA:153,0
DA:154,0
DA:155,0
DA:156,0
DA:157,0
DA:158,0
DA:167,0
DA:169,0
DA:170,0
DA:173,0
DA:175,0
DA:176,0
LF:66
LH:0
end_of_record
SF:lib\src\marker\pathmarker.dart
DA:22,0
DA:30,0
DA:31,0
DA:32,0
DA:33,0
DA:34,0
DA:40,0
DA:41,0
DA:42,0
DA:43,0
DA:46,0
DA:47,0
DA:48,0
DA:49,0
DA:52,0
DA:54,0
DA:57,0
DA:59,0
DA:60,0
DA:61,0
DA:62,0
DA:63,0
DA:64,0
DA:66,0
DA:67,0
DA:68,0
DA:70,0
DA:71,0
DA:72,0
DA:73,0
DA:74,0
DA:75,0
DA:76,0
DA:77,0
DA:78,0
DA:79,0
DA:80,0
DA:81,0
DA:82,0
DA:84,0
DA:86,0
DA:87,0
DA:89,0
DA:91,0
DA:92,0
DA:93,0
DA:94,0
DA:98,0
DA:99,0
DA:100,0
DA:101,0
DA:102,0
DA:103,0
DA:104,0
DA:105,0
DA:106,0
DA:107,0
DA:108,0
DA:110,0
DA:113,0
DA:115,0
LF:61
LH:0
end_of_record
SF:lib\src\renderer\paintmixin.dart
DA:30,0
DA:31,0
DA:32,0
DA:33,0
DA:34,0
DA:35,0
DA:36,0
DA:37,0
DA:39,0
DA:40,0
DA:41,0
DA:42,0
DA:45,0
DA:46,0
DA:47,0
DA:51,0
DA:52,0
DA:53,0
DA:57,0
DA:58,0
DA:59,0
DA:60,0
DA:61,0
DA:62,0
DA:63,0
DA:66,0
DA:67,0
DA:68,0
DA:69,0
DA:70,0
DA:72,0
DA:75,0
DA:77,0
DA:78,0
DA:80,0
DA:81,0
DA:82,0
DA:86,0
DA:87,0
DA:88,0
DA:90,0
DA:91,0
DA:92,0
DA:94,0
DA:97,0
DA:98,0
DA:99,0
DA:100,0
DA:104,0
DA:105,0
DA:106,0
DA:107,0
DA:111,0
DA:112,0
DA:113,0
DA:114,0
DA:118,0
DA:119,0
DA:120,0
DA:121,0
DA:125,0
DA:126,0
DA:129,0
DA:130,0
DA:133,0
DA:134,0
DA:135,0
DA:141,0
DA:142,0
DA:145,0
DA:147,0
DA:148,0
DA:149,0
DA:151,0
DA:152,0
DA:156,0
DA:158,0
DA:159,0
DA:160,0
DA:162,0
DA:163,0
DA:169,0
DA:170,0
DA:171,0
DA:172,0
DA:176,0
DA:177,0
DA:178,0
DA:179,0
DA:183,0
DA:184,0
DA:186,0
DA:187,0
DA:188,0
DA:189,0
DA:190,0
DA:191,0
DA:192,0
DA:196,0
DA:197,0
DA:198,0
DA:201,0
DA:202,0
DA:203,0
DA:206,0
DA:207,0
DA:208,0
DA:209,0
LF:108
LH:0
end_of_record
SF:lib\src\rendertheme\renderinstruction\bitmapmixin.dart
DA:8,0
DA:25,0
DA:26,0
DA:28,0
DA:30,0
DA:31,0
DA:32,0
DA:35,0
DA:37,0
DA:38,0
DA:39,0
DA:41,0
DA:44,0
DA:47,0
DA:49,0
DA:51,0
DA:56,0
DA:61,0
DA:62,0
DA:63,0
DA:64,0
DA:65,0
DA:66,0
DA:67,0
DA:68,0
DA:69,0
DA:73,0
DA:74,0
DA:75,0
DA:78,0
DA:80,0
DA:81,0
LF:32
LH:0
end_of_record
SF:lib\src\marker\polygonmarker.dart
DA:16,0
DA:44,0
DA:59,0
DA:60,0
DA:61,0
DA:62,0
DA:63,0
DA:64,0
DA:71,0
DA:72,0
DA:73,0
DA:74,0
DA:75,0
DA:79,0
DA:80,0
DA:81,0
DA:84,0
DA:85,0
DA:86,0
DA:87,0
DA:88,0
DA:89,0
DA:90,0
DA:92,0
DA:93,0
DA:96,0
DA:97,0
DA:98,0
DA:99,0
DA:100,0
DA:101,0
DA:102,0
DA:104,0
DA:105,0
DA:108,0
DA:109,0
DA:113,0
DA:115,0
DA:116,0
DA:117,0
DA:118,0
DA:121,0
DA:123,0
DA:125,0
DA:126,0
DA:127,0
DA:128,0
DA:129,0
DA:130,0
DA:131,0
DA:132,0
DA:133,0
DA:144,0
DA:145,0
DA:146,0
DA:147,0
DA:148,0
DA:149,0
DA:150,0
DA:151,0
DA:152,0
DA:153,0
DA:154,0
DA:155,0
DA:156,0
DA:158,0
DA:160,0
DA:161,0
DA:163,0
DA:165,0
DA:166,0
DA:167,0
DA:169,0
DA:170,0
DA:173,0
DA:176,0
LF:76
LH:0
end_of_record
SF:lib\src\renderer\textmixin.dart
DA:17,0
DA:18,0
DA:19,0
DA:20,0
DA:23,0
DA:24,0
DA:25,0
DA:26,0
DA:29,0
DA:34,0
DA:35,0
DA:36,0
DA:39,0
DA:40,0
DA:41,0
DA:45,0
DA:46,0
DA:47,0
DA:48,0
DA:50,0
DA:51,0
DA:52,0
DA:53,0
DA:55,0
DA:59,0
DA:60,0
DA:63,0
DA:64,0
DA:66,0
DA:69,0
DA:70,0
LF:31
LH:0
end_of_record
SF:lib\src\marker\polygontextmarker.dart
DA:33,0
DA:45,0
DA:46,0
DA:47,0
DA:48,0
DA:49,0
DA:50,0
DA:56,0
DA:57,0
DA:58,0
DA:60,0
DA:62,0
DA:63,0
DA:64,0
DA:67,0
DA:69,0
DA:70,0
DA:71,0
DA:74,0
DA:75,0
DA:76,0
DA:79,0
DA:81,0
DA:82,0
DA:83,0
DA:84,0
DA:87,0
DA:89,0
DA:90,0
DA:91,0
DA:92,0
DA:93,0
DA:94,0
DA:95,0
DA:97,0
DA:98,0
DA:99,0
DA:100,0
DA:101,0
DA:102,0
DA:104,0
DA:105,0
DA:106,0
DA:108,0
DA:111,0
DA:112,0
DA:113,0
DA:114,0
DA:115,0
DA:119,0
DA:120,0
DA:126,0
DA:127,0
DA:128,0
DA:129,0
DA:130,0
DA:131,0
DA:132,0
DA:138,0
DA:139,0
DA:140,0
DA:141,0
DA:142,0
DA:143,0
DA:145,0
DA:146,0
DA:147,0
DA:148,0
DA:149,0
DA:150,0
DA:152,0
DA:153,0
DA:154,0
DA:156,0
DA:160,0
DA:162,0
LF:76
LH:0
end_of_record
SF:lib\src\rendertheme\shape\bitmapsrcmixin.dart
DA:26,3
DA:27,6
DA:28,6
DA:29,6
DA:30,6
DA:31,6
DA:32,6
DA:35,3
DA:36,3
DA:37,6
DA:38,0
DA:40,0
DA:41,0
DA:42,0
DA:46,0
DA:47,0
DA:48,0
DA:50,0
DA:53,0
DA:54,0
DA:55,0
DA:57,0
DA:60,0
DA:61,0
DA:64,3
DA:65,3
DA:68,1
DA:69,1
DA:72,1
DA:73,1
DA:76,0
DA:77,0
DA:80,3
DA:81,3
LF:34
LH:18
end_of_record
SF:lib\src\marker\rectmarker.dart
DA:27,0
DA:41,0
DA:42,0
DA:43,0
DA:44,0
DA:45,0
DA:46,0
DA:47,0
DA:48,0
DA:56,0
DA:57,0
DA:59,0
DA:61,0
DA:62,0
DA:63,0
DA:64,0
DA:67,0
DA:70,0
DA:71,0
DA:72,0
DA:75,0
DA:76,0
DA:78,0
DA:79,0
DA:80,0
DA:81,0
DA:83,0
DA:84,0
DA:85,0
DA:86,0
DA:87,0
DA:92,0
DA:95,0
DA:96,0
DA:97,0
DA:98,0
DA:101,0
DA:104,0
DA:106,0
DA:107,0
DA:108,0
DA:111,0
DA:115,0
DA:116,0
DA:118,0
DA:119,0
DA:120,0
DA:121,0
DA:122,0
DA:123,0
DA:124,0
DA:125,0
DA:126,0
DA:127,0
DA:129,0
DA:132,0
DA:133,0
DA:134,0
DA:138,0
DA:139,0
DA:140,0
DA:141,0
DA:142,0
DA:143,0
DA:146,0
DA:148,0
DA:149,0
DA:150,0
DA:151,0
LF:69
LH:0
end_of_record
SF:lib\src\marker\markerbyitemdatastore.dart
DA:27,0
DA:31,0
DA:33,0
DA:34,0
DA:35,0
DA:36,0
DA:37,0
DA:39,0
DA:40,0
DA:41,0
DA:42,0
DA:43,0
DA:44,0
DA:45,0
DA:54,0
DA:56,0
DA:59,0
DA:60,0
DA:66,0
DA:67,0
DA:68,0
DA:69,0
DA:70,0
DA:74,0
DA:75,0
DA:76,0
DA:77,0
DA:81,0
DA:82,0
DA:83,0
DA:85,0
DA:86,0
DA:89,0
DA:91,0
DA:92,0
DA:93,0
DA:97,0
DA:98,0
DA:100,0
DA:101,0
DA:102,0
DA:104,0
DA:105,0
DA:106,0
DA:107,0
DA:111,0
DA:112,0
DA:114,0
DA:115,0
DA:116,0
DA:120,0
DA:121,0
DA:124,0
DA:125,0
LF:54
LH:0
end_of_record
SF:lib\src\marker\imarkerdatastore.dart
DA:15,0
DA:17,0
DA:20,0
DA:21,0
DA:25,0
DA:27,0
DA:34,0
DA:36,0
DA:37,0
LF:9
LH:0
end_of_record
SF:lib\src\marker\circlemarker.dart
DA:14,0
DA:27,0
DA:28,0
DA:29,0
DA:30,0
DA:31,0
DA:32,0
DA:40,0
DA:42,0
DA:44,0
DA:45,0
DA:46,0
DA:47,0
DA:50,0
DA:56,0
DA:60,0
DA:62,0
DA:65,0
DA:67,0
DA:68,0
DA:69,0
DA:72,0
DA:74,0
DA:75,0
DA:76,0
DA:77,0
DA:78,0
DA:79,0
DA:80,0
DA:81,0
DA:82,0
DA:83,0
DA:84,0
DA:85,0
DA:88,0
DA:89,0
DA:90,0
DA:93,0
DA:95,0
DA:96,0
DA:97,0
DA:98,0
LF:42
LH:0
end_of_record
SF:lib\src\marker\marker.dart
DA:17,0
DA:26,0
DA:30,0
DA:31,0
DA:32,0
DA:33,0
DA:39,0
DA:43,0
LF:8
LH:0
end_of_record
SF:lib\src\exceptions\symbolnotfoundexception.dart
DA:4,0
DA:6,0
DA:8,0
LF:3
LH:0
end_of_record
SF:lib\src\utils\filehelper.dart
DA:7,0
DA:9,0
DA:14,0
DA:17,0
DA:18,0
DA:20,0
DA:21,0
DA:27,0
DA:28,0
DA:29,0
DA:30,0
DA:31,0
DA:33,0
DA:34,0
DA:39,0
DA:40,0
DA:42,0
DA:43,0
DA:44,0
DA:48,0
DA:50,0
DA:51,0
DA:53,0
DA:54,0
DA:56,0
DA:57,0
LF:26
LH:0
end_of_record
SF:lib\src\graphics\implementation\flutterresourcebitmap.dart
DA:8,0
DA:10,0
DA:12,0
DA:15,0
DA:17,0
DA:18,0
LF:6
LH:0
end_of_record
SF:lib\src\datastore\poiwaybundle.dart
DA:8,0
LF:1
LH:0
end_of_record
SF:lib\src\datastore\deserializer.dart
DA:13,0
DA:14,0
DA:15,0
DA:16,0
DA:17,0
DA:18,0
DA:28,0
DA:29,0
DA:30,0
DA:31,0
DA:32,0
DA:33,0
DA:34,0
DA:35,0
DA:37,0
DA:38,0
DA:39,0
DA:40,0
DA:50,0
DA:51,0
DA:52,0
DA:53,0
DA:54,0
DA:55,0
DA:56,0
DA:57,0
DA:58,0
DA:59,0
DA:60,0
DA:61,0
DA:68,0
DA:69,0
DA:70,0
DA:71,0
DA:72,0
DA:73,0
DA:74,0
DA:75,0
DA:76,0
DA:78,0
DA:79,0
DA:80,0
DA:81,0
DA:82,0
DA:83,0
DA:84,0
DA:85,0
DA:95,0
DA:96,0
DA:97,0
DA:98,0
DA:99,0
DA:100,0
DA:102,0
LF:54
LH:0
end_of_record
SF:lib\src\model\maprectangle.dart
DA:12,0
DA:13,0
DA:14,0
DA:19,0
DA:20,0
DA:21,0
DA:22,0
DA:23,0
DA:34,0
DA:35,0
DA:36,0
DA:39,0
DA:40,0
DA:41,0
DA:47,0
DA:48,0
DA:54,0
DA:55,0
DA:61,0
DA:62,0
DA:65,0
DA:66,0
DA:69,0
DA:70,0
DA:76,0
DA:77,0
DA:85,0
DA:86,0
DA:87,0
DA:88,0
DA:91,0
DA:92,0
DA:93,0
DA:95,0
DA:96,0
DA:99,0
DA:101,0
DA:106,0
DA:108,0
DA:112,0
DA:113,0
DA:114,0
DA:115,0
DA:116,0
DA:119,0
DA:120,0
DA:123,0
DA:124,0
DA:127,0
DA:129,0
LF:50
LH:0
end_of_record
SF:lib\src\renderer\minmaxdouble.dart
DA:10,1
DA:11,2
DA:12,5
DA:13,5
DA:14,5
DA:15,5
DA:19,0
DA:21,0
DA:22,0
DA:23,0
DA:24,0
DA:25,0
DA:26,0
DA:30,0
DA:31,0
DA:34,0
DA:36,0
LF:17
LH:6
end_of_record
SF:lib\src\exceptions\mapfileexception.dart
DA:3,0
LF:1
LH:0
end_of_record
SF:lib\src\graphics\bitmap.dart
DA:3,0
LF:1
LH:0
end_of_record
SF:lib\src\graphics\implementation\fluttergraphicfactory.dart
DA:19,1
DA:27,1
DA:29,1
DA:32,1
DA:34,6
DA:37,0
DA:39,0
DA:42,1
DA:44,2
DA:47,0
DA:49,0
DA:52,0
DA:54,0
DA:57,1
DA:59,1
DA:62,0
DA:64,0
LF:17
LH:9
end_of_record
SF:lib\src\graphics\mapcanvas.dart
DA:14,1
LF:1
LH:1
end_of_record
SF:lib\src\graphics\graphicutils.dart
DA:14,0
DA:15,0
DA:18,0
DA:19,0
DA:20,0
DA:21,0
DA:23,0
DA:24,0
DA:26,0
DA:27,0
DA:29,0
DA:30,0
DA:31,0
DA:32,0
DA:34,0
DA:37,0
DA:44,0
DA:45,0
DA:59,0
DA:61,0
DA:62,0
DA:64,0
DA:66,0
DA:68,0
DA:69,0
DA:70,0
DA:72,0
DA:73,0
DA:74,0
DA:76,0
DA:77,0
DA:80,0
DA:81,0
DA:82,0
DA:85,0
LF:35
LH:0
end_of_record
SF:lib\src\graphics\implementation\flutterbitmap.dart
DA:16,1
DA:18,0
DA:22,0
DA:25,0
DA:27,0
DA:30,0
DA:32,0
DA:35,0
DA:37,0
DA:40,1
DA:41,2
DA:44,0
DA:46,0
DA:49,0
DA:51,0
DA:54,0
DA:56,0
DA:57,0
DA:58,0
DA:60,0
DA:62,0
DA:63,0
DA:64,0
DA:65,0
DA:66,0
DA:67,0
DA:69,0
DA:71,0
DA:72,0
DA:74,0
DA:75,0
DA:77,0
LF:32
LH:3
end_of_record
SF:lib\src\graphics\implementation\fluttercanvas.dart
DA:24,0
DA:40,0
DA:42,1
DA:43,1
DA:44,1
DA:45,2
DA:46,2
DA:47,3
DA:51,1
DA:53,1
DA:56,0
DA:64,0
DA:65,0
DA:66,0
DA:69,0
DA:70,0
DA:71,0
DA:72,0
DA:75,0
DA:76,0
DA:83,0
DA:84,0
DA:85,0
DA:86,0
DA:87,0
DA:99,0
DA:100,0
DA:101,0
DA:102,0
DA:105,0
DA:107,0
DA:109,0
DA:110,0
DA:111,0
DA:114,0
DA:116,0
DA:118,0
DA:121,1
DA:123,2
DA:124,7
DA:125,1
DA:126,1
DA:128,2
DA:131,0
DA:134,0
DA:135,0
DA:138,0
DA:141,0
DA:142,0
DA:143,0
DA:145,0
DA:148,1
DA:150,2
DA:151,2
DA:154,0
DA:156,0
DA:157,0
DA:158,0
DA:159,0
DA:160,0
DA:161,0
DA:162,0
DA:163,0
DA:164,0
DA:166,0
DA:167,0
DA:168,0
DA:172,0
DA:175,0
DA:178,0
DA:183,0
DA:185,0
DA:187,0
DA:189,0
DA:193,0
DA:194,0
DA:198,0
DA:199,0
DA:203,0
DA:208,0
DA:217,0
DA:218,0
DA:219,0
DA:220,0
DA:225,0
DA:226,0
DA:227,0
DA:231,0
DA:235,0
DA:236,0
DA:237,0
DA:238,0
DA:239,0
DA:240,0
DA:241,0
DA:248,0
DA:249,0
DA:251,0
DA:254,0
DA:256,0
DA:257,0
DA:258,0
DA:259,0
DA:261,0
DA:262,0
DA:265,0
DA:267,0
LF:107
LH:17
end_of_record
SF:lib\src\graphics\implementation\paragraph_cache.dart
DA:17,0
DA:19,0
DA:23,0
DA:25,0
DA:28,0
DA:29,0
DA:31,0
DA:32,0
DA:42,0
DA:45,0
DA:46,0
DA:47,0
DA:50,0
DA:53,0
DA:54,0
DA:55,0
DA:56,0
DA:58,0
DA:59,0
DA:60,0
DA:62,0
DA:63,0
DA:66,0
DA:67,0
DA:74,0
DA:75,0
DA:76,0
DA:80,0
DA:81,0
DA:82,0
DA:83,0
DA:84,0
DA:88,0
DA:92,0
DA:93,0
DA:96,0
DA:97,0
LF:37
LH:0
end_of_record
SF:lib\src\model\linestring.dart
DA:16,0
DA:17,0
DA:20,0
DA:21,0
DA:22,0
DA:23,0
DA:24,0
DA:27,0
DA:28,0
DA:33,0
DA:35,0
DA:37,0
DA:39,0
DA:44,0
DA:47,0
DA:50,0
DA:53,0
DA:62,0
DA:63,0
DA:70,0
DA:71,0
DA:72,0
DA:73,0
DA:74,0
DA:76,0
DA:77,0
DA:84,0
DA:85,0
DA:89,0
DA:90,0
DA:91,0
DA:92,0
DA:94,0
DA:99,0
DA:101,0
DA:102,0
DA:107,0
DA:110,0
DA:111,0
DA:112,0
DA:114,0
DA:115,0
LF:42
LH:0
end_of_record
SF:lib\src\graphics\implementation\fluttermatrix.dart
DA:19,0
DA:21,0
DA:22,0
DA:23,0
LF:4
LH:0
end_of_record
SF:lib\src\graphics\implementation\flutterpaint.dart
DA:20,1
DA:22,0
DA:23,0
DA:24,0
DA:25,0
DA:26,0
DA:27,0
DA:28,0
DA:29,0
DA:30,0
DA:34,0
DA:39,0
DA:41,0
DA:44,0
DA:45,0
DA:47,0
DA:49,0
DA:52,0
DA:54,0
DA:57,1
DA:59,3
DA:62,1
DA:65,1
DA:66,2
DA:68,0
DA:69,0
DA:71,0
DA:72,0
DA:77,1
DA:80,1
DA:81,0
DA:83,1
DA:84,0
DA:86,1
DA:87,2
DA:92,1
DA:94,2
DA:97,1
DA:100,1
DA:101,0
DA:103,1
DA:104,2
DA:109,0
DA:111,0
DA:112,0
DA:121,0
DA:122,0
DA:124,0
DA:127,0
DA:129,0
DA:132,0
DA:134,0
DA:138,1
DA:140,2
DA:143,0
DA:145,0
DA:158,1
DA:160,1
DA:163,1
DA:165,1
DA:168,0
DA:170,0
DA:173,0
DA:175,0
DA:176,0
DA:178,0
LF:66
LH:23
end_of_record
SF:lib\src\graphics\implementation\flutterpath.dart
DA:16,0
DA:24,1
DA:26,0
DA:28,0
DA:29,0
DA:30,0
DA:33,0
DA:35,0
DA:38,0
DA:40,0
DA:43,0
DA:45,0
DA:46,0
DA:47,0
DA:50,0
DA:52,0
DA:53,0
DA:54,0
DA:57,0
DA:60,0
DA:61,0
DA:63,0
DA:64,0
DA:69,1
DA:71,4
DA:72,5
DA:73,2
DA:76,1
DA:78,4
DA:79,5
DA:80,2
DA:83,1
DA:84,1
DA:85,3
DA:87,0
DA:88,0
DA:89,0
DA:93,1
DA:94,3
DA:96,1
DA:98,3
DA:99,1
DA:101,1
DA:102,1
DA:106,0
DA:107,0
DA:111,2
DA:112,2
DA:113,2
DA:119,1
DA:120,1
DA:124,1
DA:125,1
DA:131,1
DA:132,1
DA:136,1
DA:137,2
DA:139,1
DA:143,1
DA:147,1
DA:153,1
DA:158,1
DA:162,2
DA:163,2
DA:164,1
DA:165,3
DA:169,1
DA:171,1
DA:172,2
DA:173,1
DA:176,0
DA:177,0
DA:183,0
DA:184,0
DA:186,0
DA:187,0
DA:192,0
DA:194,0
DA:195,0
DA:196,0
DA:197,0
DA:198,0
DA:199,0
DA:219,1
DA:226,1
DA:227,1
DA:228,6
DA:231,6
DA:233,1
DA:241,1
DA:242,1
DA:251,1
DA:252,1
DA:253,2
DA:254,4
DA:255,2
DA:258,7
DA:260,1
DA:261,8
DA:264,1
DA:265,1
DA:266,8
DA:267,2
DA:269,1
DA:283,1
DA:297,2
DA:299,0
DA:301,0
LF:108
LH:66
end_of_record
SF:lib\src\graphics\implementation\flutterrect.dart
DA:8,0
DA:9,0
DA:11,0
DA:12,0
DA:14,0
DA:15,0
DA:17,0
DA:18,0
DA:20,0
DA:21,0
DA:23,0
DA:25,0
LF:12
LH:0
end_of_record
SF:lib\src\graphics\implementation\fluttertextpaint.dart
DA:13,0
DA:15,0
DA:16,0
DA:17,0
DA:18,0
DA:21,0
DA:23,0
DA:26,0
DA:28,0
DA:31,0
DA:33,0
DA:36,0
DA:38,0
DA:41,0
DA:43,0
DA:56,0
DA:57,0
LF:17
LH:0
end_of_record
SF:lib\src\indoor\indoornotationmatcher.dart
DA:7,0
DA:10,0
DA:11,0
DA:14,0
DA:15,0
DA:17,0
DA:18,0
DA:21,0
DA:22,0
DA:25,0
DA:26,0
DA:33,0
DA:34,0
DA:43,0
DA:44,0
DA:45,0
DA:46,0
DA:47,0
DA:48,0
DA:49,0
DA:52,0
DA:53,0
DA:54,0
DA:55,0
DA:56,0
DA:57,0
DA:60,0
DA:61,0
DA:62,0
DA:63,0
DA:64,0
DA:65,0
DA:66,0
DA:67,0
DA:68,0
DA:77,0
DA:78,0
DA:79,0
DA:80,0
DA:81,0
DA:84,0
DA:86,0
DA:87,0
DA:90,0
DA:92,0
DA:93,0
DA:94,0
DA:96,0
DA:97,0
DA:99,0
DA:109,1
DA:111,2
DA:112,2
DA:116,2
DA:117,2
DA:123,0
DA:125,0
DA:127,0
DA:130,0
DA:137,0
DA:139,0
DA:140,0
DA:143,0
DA:152,1
DA:153,1
DA:156,0
LF:66
LH:7
end_of_record
SF:lib\src\input\fluttergesturedetector.dart
DA:22,0
DA:27,0
DA:28,0
DA:30,0
DA:32,0
DA:39,0
DA:65,0
DA:66,0
DA:68,0
DA:70,0
DA:71,0
DA:74,0
DA:76,0
DA:77,0
DA:78,0
DA:79,0
DA:82,0
DA:117,0
DA:119,0
DA:121,0
DA:122,0
DA:123,0
DA:124,0
DA:125,0
DA:126,0
DA:127,0
DA:128,0
DA:129,0
DA:137,0
DA:138,0
DA:139,0
DA:140,0
DA:143,0
DA:144,0
DA:145,0
DA:146,0
DA:149,0
DA:150,0
DA:151,0
DA:152,0
DA:155,0
DA:156,0
DA:157,0
DA:159,0
DA:160,0
DA:161,0
DA:162,0
DA:163,0
DA:166,0
DA:167,0
DA:169,0
DA:170,0
DA:173,0
DA:174,0
DA:175,0
DA:176,0
DA:178,0
DA:182,0
DA:184,0
DA:185,0
DA:186,0
DA:188,0
DA:190,0
DA:191,0
DA:193,0
DA:194,0
DA:195,0
DA:200,0
DA:201,0
DA:202,0
DA:203,0
DA:204,0
DA:205,0
DA:206,0
DA:207,0
DA:208,0
DA:209,0
DA:210,0
DA:211,0
DA:212,0
DA:213,0
DA:215,0
DA:216,0
DA:217,0
DA:218,0
DA:219,0
DA:220,0
DA:221,0
DA:226,0
DA:229,0
DA:231,0
DA:232,0
DA:233,0
DA:234,0
DA:241,0
DA:242,0
DA:244,0
DA:245,0
DA:246,0
DA:247,0
DA:250,0
DA:251,0
DA:252,0
DA:253,0
DA:256,0
DA:260,0
DA:261,0
DA:262,0
DA:263,0
DA:264,0
DA:265,0
DA:266,0
DA:267,0
DA:268,0
DA:269,0
DA:270,0
DA:271,0
DA:279,0
DA:280,0
DA:284,0
DA:287,0
DA:288,0
DA:290,0
DA:291,0
DA:292,0
DA:293,0
DA:294,0
DA:297,0
DA:299,0
DA:300,0
DA:301,0
DA:302,0
DA:305,0
DA:306,0
DA:307,0
DA:308,0
DA:311,0
DA:312,0
DA:315,0
DA:316,0
DA:318,0
DA:319,0
DA:320,0
DA:321,0
DA:324,0
DA:325,0
DA:327,0
DA:328,0
DA:329,0
DA:330,0
DA:331,0
DA:332,0
DA:333,0
DA:334,0
DA:337,0
DA:338,0
DA:339,0
DA:340,0
DA:341,0
DA:342,0
DA:343,0
DA:344,0
DA:345,0
DA:350,0
DA:351,0
DA:352,0
DA:353,0
DA:357,0
DA:361,0
DA:362,0
DA:364,0
DA:365,0
DA:366,0
DA:369,0
DA:370,0
DA:372,0
DA:373,0
DA:376,0
DA:377,0
DA:379,0
DA:380,0
DA:381,0
DA:389,0
DA:397,0
DA:399,0
DA:402,0
DA:405,0
DA:406,0
DA:407,0
DA:409,0
DA:410,0
DA:411,0
DA:412,0
DA:415,0
DA:417,0
DA:418,0
DA:419,0
DA:421,0
DA:423,0
DA:424,0
DA:425,0
DA:427,0
DA:428,0
DA:429,0
DA:431,0
DA:432,0
DA:434,0
DA:435,0
DA:436,0
DA:439,0
DA:441,0
DA:442,0
DA:460,0
DA:461,0
DA:462,0
DA:464,0
DA:465,0
DA:467,0
DA:468,0
DA:471,0
DA:472,0
DA:473,0
DA:474,0
DA:477,0
DA:481,0
DA:483,0
DA:484,0
DA:487,0
LF:228
LH:0
end_of_record
SF:lib\src\utils\rotatehelper.dart
DA:9,0
DA:11,0
DA:12,0
DA:18,0
DA:19,0
DA:20,0
DA:21,0
DA:22,0
DA:23,0
DA:24,0
DA:25,0
DA:30,0
DA:31,0
DA:32,0
DA:33,0
DA:34,0
DA:65,0
LF:17
LH:0
end_of_record
SF:lib\src\rendertheme\renderinfo.dart
DA:45,1
DA:62,0
DA:64,0
DA:67,0
DA:68,0
DA:71,1
DA:72,1
DA:73,2
DA:74,1
DA:75,0
DA:76,0
DA:78,0
DA:79,0
DA:80,0
DA:83,1
DA:88,0
DA:91,1
DA:92,0
DA:93,0
DA:95,0
DA:96,0
DA:102,1
DA:103,0
DA:104,0
DA:106,0
DA:107,0
DA:108,0
DA:109,0
DA:112,1
DA:113,0
DA:114,0
DA:116,0
DA:118,1
DA:120,2
DA:121,0
DA:123,1
DA:124,2
DA:125,2
DA:126,3
DA:129,0
DA:130,0
DA:131,0
DA:133,0
DA:134,0
DA:135,0
DA:139,0
DA:140,0
DA:145,0
DA:147,0
LF:49
LH:15
end_of_record
SF:lib\src\rendertheme\shape\shape.dart
DA:25,1
DA:27,1
DA:28,2
DA:29,2
DA:30,2
DA:35,0
DA:36,0
DA:44,0
DA:46,0
DA:49,0
LF:10
LH:5
end_of_record
SF:lib\src\layer\hills\hgtcache.dart
DA:31,0
DA:93,0
DA:97,0
DA:159,0
DA:160,0
DA:161,0
DA:165,0
DA:168,0
DA:178,0
DA:182,0
DA:183,0
DA:186,0
DA:187,0
DA:307,0
DA:309,0
LF:15
LH:0
end_of_record
SF:lib\src\layer\hills\shadingalgorithm.dart
DA:51,0
DA:56,0
DA:64,0
DA:65,0
DA:66,0
DA:67,0
DA:68,0
DA:69,0
DA:70,0
DA:71,0
DA:73,0
DA:74,0
DA:75,0
DA:76,0
DA:82,0
DA:83,0
DA:84,0
DA:85,0
DA:86,0
DA:87,0
DA:89,0
DA:90,0
DA:93,0
DA:98,0
DA:99,0
DA:100,0
DA:101,0
DA:102,0
DA:105,0
DA:106,0
DA:110,0
DA:111,0
DA:112,0
DA:113,0
DA:114,0
DA:115,0
DA:118,0
DA:119,0
DA:120,0
DA:121,0
DA:122,0
DA:123,0
DA:124,0
DA:126,0
DA:127,0
DA:128,0
DA:129,0
DA:130,0
DA:131,0
DA:132,0
DA:133,0
DA:134,0
LF:52
LH:0
end_of_record
SF:lib\src\layer\hills\hillsrenderconfig.dart
DA:24,0
DA:26,0
DA:27,0
DA:30,0
DA:31,0
DA:37,0
DA:38,0
DA:39,0
DA:52,0
DA:54,0
DA:57,0
DA:62,0
DA:64,0
DA:65,0
DA:66,0
DA:67,0
DA:74,0
DA:75,0
DA:82,0
DA:83,0
DA:86,0
DA:87,0
DA:90,0
DA:91,0
LF:24
LH:0
end_of_record
SF:lib\src\layer\hills\memorycachinghgtreadertilesource.dart
DA:23,0
DA:25,0
DA:26,0
DA:29,0
DA:31,0
DA:32,0
DA:33,0
DA:34,0
DA:37,0
DA:38,0
DA:39,0
DA:40,0
DA:41,0
DA:45,0
DA:46,0
DA:47,0
DA:48,0
DA:49,0
DA:52,0
DA:57,0
DA:59,0
DA:62,0
DA:65,0
DA:68,0
DA:72,0
DA:74,0
DA:77,0
DA:79,0
DA:85,0
DA:86,0
DA:92,0
DA:93,0
DA:100,0
DA:101,0
DA:104,0
DA:105,0
DA:108,0
DA:109,0
DA:112,0
DA:113,0
DA:116,0
DA:117,0
DA:120,0
DA:121,0
LF:44
LH:0
end_of_record
SF:lib\src\layer\job\jobqueue.dart
DA:23,0
DA:40,0
DA:50,0
DA:52,0
DA:54,0
DA:56,0
DA:57,0
DA:58,0
DA:59,0
DA:60,0
DA:61,0
DA:62,0
DA:66,0
DA:67,0
DA:69,0
DA:70,0
DA:72,0
DA:73,0
DA:76,0
DA:77,0
DA:79,0
DA:80,0
DA:82,0
DA:84,0
DA:85,0
DA:87,0
DA:88,0
DA:90,0
DA:92,0
DA:93,0
DA:94,0
DA:99,0
DA:100,0
DA:101,0
DA:103,0
DA:105,0
DA:108,0
DA:111,0
DA:112,0
DA:115,0
DA:117,0
DA:118,0
DA:121,0
DA:122,0
DA:123,0
DA:124,0
DA:125,0
DA:128,0
DA:130,0
DA:134,0
DA:135,0
DA:136,0
DA:137,0
DA:141,0
DA:142,0
DA:145,0
DA:146,0
DA:147,0
DA:148,0
DA:149,0
DA:150,0
DA:151,0
DA:152,0
DA:153,0
DA:154,0
DA:155,0
DA:158,0
DA:162,0
DA:163,0
DA:164,0
DA:165,0
DA:169,0
DA:171,0
DA:173,0
DA:174,0
DA:175,0
DA:176,0
DA:177,0
DA:180,0
DA:181,0
DA:182,0
DA:183,0
DA:186,0
DA:187,0
DA:189,0
DA:190,0
DA:191,0
DA:193,0
DA:194,0
DA:198,0
DA:200,0
DA:202,0
DA:203,0
DA:204,0
DA:205,0
DA:206,0
DA:208,0
DA:209,0
DA:212,0
DA:214,0
DA:216,0
DA:217,0
DA:218,0
DA:220,0
DA:222,0
DA:223,0
DA:225,0
DA:226,0
DA:236,0
DA:237,0
DA:238,0
DA:239,0
DA:240,0
DA:241,0
DA:242,0
DA:244,0
DA:245,0
DA:248,0
DA:250,0
DA:251,0
DA:252,0
DA:254,0
DA:255,0
DA:256,0
DA:257,0
DA:259,0
DA:261,0
DA:262,0
DA:264,0
DA:267,0
DA:268,0
DA:269,0
DA:270,0
DA:271,0
DA:272,0
DA:273,0
DA:274,0
DA:275,0
DA:276,0
DA:281,0
DA:282,0
DA:283,0
DA:306,0
DA:315,0
DA:316,0
DA:318,0
DA:319,0
DA:321,0
DA:322,0
DA:325,0
DA:326,0
DA:327,0
DA:330,0
DA:331,0
DA:333,0
DA:335,0
LF:156
LH:0
end_of_record
SF:lib\src\layer\job\jobset.dart
DA:32,0
DA:34,0
DA:36,0
DA:40,0
DA:42,0
DA:43,0
DA:44,0
DA:45,0
DA:48,0
DA:49,0
DA:50,0
DA:51,0
DA:52,0
DA:53,0
DA:57,0
DA:58,0
DA:59,0
DA:60,0
DA:61,0
DA:64,0
DA:67,0
DA:68,0
DA:69,0
DA:71,0
DA:75,0
DA:77,0
DA:80,0
DA:81,0
DA:82,0
DA:83,0
DA:87,0
DA:89,0
DA:96,0
DA:97,0
DA:98,0
DA:99,0
DA:103,0
DA:106,0
DA:107,0
DA:108,0
DA:109,0
DA:112,0
DA:113,0
DA:116,0
DA:127,0
DA:129,0
DA:133,0
DA:135,0
DA:136,0
LF:49
LH:0
end_of_record
SF:lib\src\utils\layerutil.dart
DA:39,0
DA:41,0
DA:42,0
DA:43,0
DA:44,0
DA:57,1
DA:60,1
DA:63,1
DA:64,1
DA:65,0
DA:66,0
DA:74,0
DA:76,0
DA:78,0
DA:91,1
DA:93,1
DA:94,1
DA:95,0
DA:96,0
DA:123,0
DA:129,0
DA:132,0
DA:133,0
DA:134,0
DA:135,0
DA:136,0
DA:137,0
DA:139,0
DA:141,0
DA:142,0
DA:143,0
DA:144,0
LF:32
LH:7
end_of_record
SF:lib\src\utils\timing.dart
DA:10,1
DA:11,2
DA:13,1
DA:14,1
DA:15,2
DA:16,2
DA:17,1
LF:7
LH:7
end_of_record
SF:lib\src\layer\job\view_job_request.dart
DA:11,0
DA:15,0
DA:17,0
DA:20,0
DA:21,0
DA:22,0
DA:23,0
DA:24,0
DA:26,0
DA:28,0
LF:10
LH:0
end_of_record
SF:lib\src\layer\job\view_job_result.dart
DA:6,0
LF:1
LH:0
end_of_record
SF:lib\src\rendertheme\rendercontext.dart
DA:34,1
DA:35,2
DA:36,2
DA:37,3
DA:38,3
DA:41,1
DA:42,2
DA:43,1
DA:44,0
DA:46,3
DA:50,1
DA:51,2
DA:54,0
DA:55,0
DA:58,1
DA:59,2
DA:60,2
DA:61,2
DA:62,1
DA:66,2
DA:67,0
DA:68,0
DA:71,1
DA:72,0
DA:86,1
DA:87,1
DA:90,2
DA:91,3
DA:96,0
DA:97,0
DA:100,1
DA:102,4
DA:103,1
DA:104,3
DA:105,2
DA:107,1
DA:110,2
DA:113,0
DA:115,0
DA:116,0
DA:117,0
DA:118,0
DA:119,0
DA:120,0
DA:121,0
DA:123,0
DA:127,0
DA:128,0
DA:130,0
DA:132,0
DA:133,0
DA:134,0
DA:135,0
DA:137,0
DA:138,0
DA:139,0
DA:140,0
DA:141,0
DA:142,0
DA:143,0
DA:144,0
DA:162,1
DA:163,4
DA:166,1
DA:168,3
DA:171,1
DA:173,4
DA:174,2
DA:175,2
DA:177,1
LF:70
LH:38
end_of_record
SF:lib\src\layer\tilelayer.dart
DA:9,0
LF:1
LH:0
end_of_record
SF:lib\src\layer\tilelayerimpl.dart
DA:13,0
DA:19,0
DA:20,0
DA:21,0
DA:22,0
DA:25,0
DA:27,0
DA:30,0
DA:33,0
DA:46,0
DA:48,0
DA:49,0
DA:51,0
DA:52,0
DA:54,0
DA:55,0
DA:56,0
DA:57,0
DA:58,0
DA:74,0
DA:76,0
LF:21
LH:0
end_of_record
SF:lib\src\layer\tilelayerlabel.dart
DA:13,0
DA:17,0
DA:19,0
DA:21,0
DA:24,0
DA:27,0
DA:29,0
DA:31,0
DA:32,0
DA:33,0
DA:34,0
DA:48,0
DA:50,0
LF:13
LH:0
end_of_record
SF:lib\src\mapfile\indexcache.dart
DA:17,0
DA:23,0
DA:24,0
DA:35,0
DA:36,0
DA:37,0
DA:40,0
DA:41,0
DA:42,0
DA:43,0
DA:55,0
DA:58,0
DA:61,0
DA:65,0
DA:68,0
DA:71,0
DA:72,0
DA:75,0
DA:76,0
DA:80,0
DA:84,0
DA:85,0
DA:87,0
DA:91,0
DA:93,0
DA:96,0
DA:99,0
DA:101,0
LF:28
LH:0
end_of_record
SF:lib\src\mapfile\indexcacheentrykey.dart
DA:14,0
DA:16,0
DA:19,0
DA:20,0
DA:21,0
DA:22,0
DA:24,0
DA:25,0
DA:27,0
DA:29,0
LF:10
LH:0
end_of_record
SF:lib\src\mapfile\subfileparameter.dart
DA:76,0
DA:94,0
DA:97,0
DA:98,0
DA:99,0
DA:100,0
DA:101,0
DA:102,0
DA:103,0
DA:104,0
DA:105,0
DA:106,0
DA:107,0
DA:108,0
DA:109,0
DA:110,0
DA:111,0
DA:112,0
DA:114,0
DA:116,0
DA:117,0
DA:118,0
DA:119,0
DA:120,0
DA:121,0
DA:122,0
DA:123,0
DA:124,0
DA:125,0
DA:126,0
DA:127,0
DA:128,0
DA:129,0
DA:131,0
DA:133,0
LF:35
LH:0
end_of_record
SF:lib\src\mapfile\subfileparameterbuilder.dart
DA:22,0
DA:23,0
DA:26,0
DA:27,0
DA:28,0
DA:30,0
DA:32,0
DA:34,0
DA:35,0
DA:37,0
DA:38,0
DA:39,0
DA:40,0
DA:43,0
DA:44,0
DA:47,0
DA:49,0
DA:51,0
DA:52,0
DA:53,0
DA:58,0
DA:59,0
DA:61,0
DA:62,0
DA:63,0
DA:64,0
LF:26
LH:0
end_of_record
SF:lib\src\mapfile\mapfilehelper.dart
DA:11,0
DA:94,0
DA:96,0
DA:105,0
DA:106,0
DA:108,0
DA:109,0
DA:110,0
DA:114,0
DA:115,0
DA:116,0
DA:119,0
DA:120,0
DA:121,0
DA:128,0
DA:129,0
DA:130,0
DA:134,0
DA:135,0
DA:139,0
DA:141,0
DA:143,0
DA:145,0
DA:147,0
DA:152,0
DA:156,0
DA:159,0
DA:161,0
DA:164,0
DA:168,0
DA:171,0
DA:172,0
DA:173,0
DA:175,0
DA:177,0
DA:179,0
DA:184,0
DA:185,0
DA:187,0
DA:195,0
DA:196,0
DA:198,0
DA:206,0
DA:208,0
DA:215,0
DA:218,0
DA:220,0
DA:221,0
DA:225,0
DA:226,0
DA:227,0
DA:231,0
DA:234,0
DA:238,0
DA:241,0
DA:242,0
DA:243,0
DA:244,0
DA:245,0
DA:247,0
DA:251,0
DA:252,0
DA:254,0
DA:261,0
DA:264,0
DA:265,0
DA:266,0
DA:267,0
DA:268,0
DA:272,0
DA:276,0
DA:277,0
DA:279,0
DA:280,0
DA:281,0
DA:288,0
DA:291,0
DA:294,0
DA:298,0
DA:304,0
DA:307,0
DA:308,0
DA:310,0
DA:311,0
DA:313,0
DA:315,0
DA:321,0
DA:322,0
DA:325,0
DA:328,0
DA:331,0
DA:333,0
DA:335,0
DA:336,0
DA:339,0
DA:340,0
DA:341,0
DA:344,0
DA:345,0
DA:346,0
DA:350,0
DA:358,0
DA:361,0
DA:362,0
DA:364,0
DA:365,0
DA:368,0
DA:369,0
DA:372,0
DA:373,0
DA:375,0
DA:376,0
DA:378,0
DA:379,0
DA:382,0
DA:383,0
DA:384,0
DA:387,0
DA:388,0
DA:389,0
DA:393,0
DA:398,0
DA:405,0
DA:406,0
DA:409,0
DA:410,0
DA:411,0
DA:414,0
DA:415,0
DA:416,0
DA:421,0
DA:422,0
DA:425,0
DA:426,0
DA:429,0
DA:432,0
DA:434,0
DA:437,0
DA:440,0
DA:443,0
DA:444,0
DA:445,0
DA:449,0
DA:450,0
DA:455,0
DA:456,0
DA:461,0
DA:464,0
DA:467,0
DA:468,0
DA:477,0
DA:478,0
DA:481,0
DA:484,0
DA:489,0
DA:493,0
DA:504,0
DA:510,0
DA:511,0
LF:159
LH:0
end_of_record
SF:lib\src\mapfile\mapfileinfo.dart
DA:87,0
DA:106,0
DA:108,0
LF:3
LH:0
end_of_record
SF:lib\src\mapfile\readbuffer.dart
DA:11,0
DA:27,0
DA:29,0
DA:30,0
DA:31,0
DA:34,0
DA:35,0
DA:36,0
DA:37,0
DA:43,0
DA:44,0
DA:45,0
DA:46,0
DA:54,0
DA:56,0
DA:57,0
DA:58,0
DA:66,0
DA:67,0
DA:68,0
DA:76,0
DA:77,0
DA:78,0
DA:86,0
DA:87,0
DA:88,0
DA:89,0
DA:92,0
DA:93,0
DA:94,0
DA:96,0
DA:98,0
DA:99,0
DA:100,0
DA:101,0
DA:102,0
DA:105,0
DA:109,0
DA:110,0
DA:112,0
DA:113,0
DA:114,0
DA:115,0
DA:116,0
DA:117,0
DA:118,0
DA:120,0
DA:122,0
DA:124,0
DA:125,0
DA:126,0
DA:127,0
DA:128,0
DA:130,0
DA:132,0
DA:143,0
DA:144,0
DA:149,0
DA:150,0
DA:151,0
DA:152,0
DA:153,0
DA:157,0
DA:158,0
DA:159,0
DA:160,0
DA:170,0
DA:175,0
DA:176,0
DA:177,0
DA:178,0
DA:179,0
DA:182,0
DA:183,0
DA:184,0
DA:187,0
DA:189,0
DA:190,0
DA:193,0
DA:200,0
DA:201,0
DA:208,0
DA:209,0
DA:210,0
DA:211,0
DA:212,0
DA:214,0
DA:215,0
DA:219,0
DA:220,0
DA:224,0
DA:225,0
DA:229,0
DA:230,0
DA:236,0
DA:240,0
DA:241,0
DA:247,0
DA:248,0
DA:249,0
LF:100
LH:0
end_of_record
SF:lib\src\mapfile\readbufferfile.dart
DA:15,0
DA:32,0
DA:33,0
DA:36,0
DA:40,0
DA:41,0
DA:50,0
DA:52,0
DA:54,0
DA:56,0
DA:58,0
DA:61,0
DA:64,0
DA:65,0
DA:67,0
DA:70,0
DA:72,0
DA:74,0
DA:75,0
DA:77,0
DA:78,0
DA:79,0
DA:80,0
DA:83,0
DA:87,0
DA:89,0
DA:90,0
DA:91,0
DA:92,0
DA:95,0
DA:96,0
DA:97,0
DA:99,0
DA:104,0
DA:105,0
DA:108,0
DA:110,0
DA:112,0
DA:113,0
DA:114,0
DA:116,0
DA:119,0
DA:121,0
LF:43
LH:0
end_of_record
SF:lib\src\mapfile\readbuffermemory.dart
DA:11,0
DA:13,0
DA:16,0
DA:18,0
DA:21,0
DA:23,0
DA:24,0
DA:27,0
DA:29,0
DA:30,0
DA:31,0
DA:32,0
DA:33,0
DA:34,0
LF:14
LH:0
end_of_record
SF:lib\src\reader\queryparameters.dart
DA:21,0
DA:22,0
DA:24,0
DA:25,0
DA:26,0
DA:27,0
DA:28,0
DA:29,0
DA:30,0
DA:32,0
DA:33,0
DA:34,0
DA:35,0
DA:36,0
DA:37,0
DA:38,0
DA:42,0
DA:43,0
DA:44,0
DA:45,0
DA:46,0
DA:50,0
DA:52,0
DA:55,0
DA:56,0
DA:57,0
DA:58,0
DA:59,0
DA:61,0
DA:62,0
DA:64,0
DA:65,0
DA:68,0
DA:69,0
DA:70,0
DA:71,0
DA:72,0
DA:76,0
DA:77,0
DA:81,0
DA:82,0
DA:83,0
DA:84,0
DA:85,0
DA:89,0
DA:91,0
DA:92,0
DA:93,0
DA:94,0
DA:95,0
DA:96,0
DA:97,0
DA:98,0
DA:101,0
DA:104,0
DA:105,0
DA:106,0
DA:107,0
DA:108,0
DA:109,0
DA:110,0
DA:111,0
DA:112,0
DA:113,0
DA:114,0
DA:115,0
DA:116,0
DA:118,0
DA:120,0
DA:121,0
DA:122,0
DA:123,0
DA:124,0
DA:125,0
DA:126,0
DA:127,0
DA:128,0
DA:129,0
DA:130,0
DA:132,0
DA:134,0
LF:81
LH:0
end_of_record
SF:lib\src\mapfile\mapfileheader.dart
DA:15,0
DA:49,0
DA:51,0
DA:52,0
DA:57,0
DA:58,0
DA:59,0
DA:60,0
DA:61,0
DA:68,0
DA:69,0
DA:77,0
DA:79,0
DA:81,0
DA:84,0
DA:85,0
DA:86,0
DA:87,0
DA:88,0
DA:93,0
DA:95,0
DA:97,0
DA:99,0
DA:101,0
DA:103,0
DA:105,0
DA:107,0
DA:109,0
DA:111,0
DA:113,0
DA:115,0
DA:117,0
DA:120,0
DA:121,0
DA:122,0
DA:123,0
DA:124,0
DA:125,0
DA:128,0
DA:131,0
DA:132,0
DA:133,0
DA:135,0
DA:137,0
DA:138,0
DA:139,0
DA:143,0
DA:144,0
DA:146,0
DA:147,0
DA:148,0
DA:151,0
DA:154,0
DA:155,0
DA:156,0
DA:158,0
DA:161,0
DA:162,0
DA:163,0
DA:165,0
DA:168,0
DA:169,0
DA:170,0
DA:174,0
DA:175,0
DA:176,0
DA:178,0
DA:181,0
DA:183,0
DA:185,0
DA:188,0
DA:189,0
DA:190,0
DA:192,0
DA:194,0
DA:197,0
DA:198,0
DA:201,0
DA:202,0
DA:203,0
DA:205,0
DA:206,0
DA:207,0
DA:213,0
DA:214,0
DA:216,0
DA:217,0
DA:218,0
DA:219,0
DA:220,0
DA:225,0
DA:227,0
LF:92
LH:0
end_of_record
SF:lib\src\mapfile\mapfileinfobuilder.dart
DA:21,0
DA:22,0
DA:23,0
DA:24,0
DA:25,0
DA:26,0
DA:27,0
DA:28,0
DA:29,0
DA:30,0
DA:31,0
DA:32,0
DA:33,0
DA:34,0
DA:35,0
DA:36,0
DA:37,0
DA:38,0
DA:39,0
LF:19
LH:0
end_of_record
SF:lib\src\mapfile\optionalfields.dart
DA:42,0
DA:44,0
DA:45,0
DA:47,0
DA:62,0
DA:63,0
DA:64,0
DA:65,0
DA:66,0
DA:67,0
DA:68,0
DA:69,0
DA:72,0
DA:73,0
DA:74,0
DA:78,0
DA:79,0
DA:81,0
DA:83,0
DA:84,0
DA:88,0
DA:89,0
DA:91,0
DA:92,0
DA:93,0
DA:96,0
DA:100,0
DA:101,0
DA:103,0
DA:105,0
DA:107,0
DA:108,0
DA:111,0
DA:112,0
LF:34
LH:0
end_of_record
SF:lib\src\mapfile\requiredfields.dart
DA:40,0
DA:43,0
DA:45,0
DA:47,0
DA:49,0
DA:51,0
DA:52,0
DA:55,0
DA:58,0
DA:59,0
DA:60,0
DA:61,0
DA:63,0
DA:66,0
DA:69,0
DA:70,0
DA:71,0
DA:72,0
DA:74,0
DA:77,0
DA:80,0
DA:82,0
DA:83,0
DA:86,0
DA:88,0
DA:89,0
DA:94,0
DA:97,0
DA:99,0
DA:100,0
DA:102,0
DA:105,0
DA:108,0
DA:109,0
DA:110,0
DA:113,0
DA:114,0
DA:116,0
DA:117,0
DA:119,0
DA:122,0
DA:125,0
DA:126,0
DA:127,0
DA:129,0
DA:132,0
DA:135,0
DA:139,0
DA:142,0
DA:145,0
DA:146,0
DA:147,0
DA:150,0
DA:152,0
DA:154,0
DA:155,0
DA:157,0
DA:160,0
DA:161,0
LF:59
LH:0
end_of_record
SF:lib\src\marker\captionmarker.dart
DA:31,0
DA:45,0
DA:49,0
DA:50,0
DA:51,0
DA:52,0
DA:53,0
DA:54,0
DA:55,0
DA:56,0
DA:57,0
DA:58,0
DA:59,0
DA:62,0
DA:63,0
DA:64,0
DA:65,0
DA:66,0
DA:69,0
DA:71,0
DA:73,0
DA:75,0
DA:76,0
DA:77,0
DA:78,0
DA:79,0
DA:80,0
DA:81,0
DA:85,0
DA:86,0
DA:87,0
DA:88,0
DA:89,0
DA:90,0
DA:91,0
DA:95,0
DA:96,0
DA:97,0
DA:100,0
DA:102,0
DA:104,0
DA:105,0
DA:108,0
DA:110,0
DA:111,0
LF:45
LH:0
end_of_record
SF:lib\src\paintelements\shape_paint_caption.dart
DA:43,0
DA:45,0
DA:46,0
DA:49,0
DA:51,0
DA:54,0
DA:55,0
DA:56,0
DA:57,0
DA:58,0
DA:59,0
DA:60,0
DA:62,0
DA:64,0
DA:65,0
DA:67,0
DA:68,0
DA:69,0
DA:70,0
DA:71,0
DA:72,0
DA:73,0
DA:74,0
DA:75,0
DA:76,0
DA:79,0
DA:80,0
DA:81,0
DA:82,0
DA:83,0
DA:84,0
DA:85,0
DA:86,0
DA:87,0
DA:88,0
DA:91,0
DA:93,0
DA:94,0
DA:95,0
DA:96,0
DA:97,0
DA:98,0
DA:100,0
DA:103,0
DA:107,0
DA:110,0
DA:111,0
DA:114,0
DA:121,0
DA:122,0
DA:123,0
DA:125,0
DA:126,0
DA:128,0
DA:129,0
DA:130,0
DA:131,0
DA:132,0
DA:133,0
DA:136,0
DA:137,0
DA:141,0
DA:145,0
DA:148,0
DA:149,0
DA:165,0
DA:166,0
DA:167,0
DA:168,0
DA:170,0
DA:171,0
DA:173,0
DA:174,0
DA:175,0
DA:176,0
DA:177,0
DA:178,0
DA:181,0
DA:182,0
LF:79
LH:0
end_of_record
SF:lib\src\rendertheme\nodeproperties.dart
DA:21,0
DA:23,0
DA:25,0
DA:35,0
DA:37,0
DA:38,0
DA:39,0
DA:40,0
DA:41,0
DA:42,0
DA:45,0
DA:46,0
DA:47,0
LF:13
LH:0
end_of_record
SF:lib\src\rendertheme\shape\textsrcmixin.dart
DA:24,2
DA:25,4
DA:26,4
DA:27,4
DA:28,4
DA:29,4
DA:32,2
DA:33,2
DA:34,4
DA:35,0
DA:37,0
DA:38,0
DA:42,1
DA:43,1
DA:46,2
DA:47,2
DA:50,2
DA:51,2
DA:54,0
DA:56,0
DA:58,0
LF:21
LH:15
end_of_record
SF:lib\src\rendertheme\shape\shape_caption.dart
DA:18,0
DA:32,2
DA:34,1
DA:35,1
DA:36,1
DA:37,1
DA:38,2
DA:39,2
DA:40,2
DA:41,2
DA:42,2
DA:43,2
DA:44,2
DA:45,2
DA:48,2
DA:49,0
DA:51,0
DA:52,0
DA:53,0
DA:57,0
DA:58,0
DA:61,0
DA:64,0
DA:75,0
DA:77,0
DA:78,0
DA:83,0
DA:84,0
DA:86,0
DA:88,0
DA:90,0
DA:95,0
DA:96,0
DA:98,0
DA:99,0
DA:100,0
DA:102,0
DA:103,0
DA:105,0
DA:106,0
DA:107,0
DA:108,0
DA:110,0
DA:111,0
DA:112,0
DA:114,0
DA:115,0
DA:116,0
DA:117,0
DA:119,0
DA:120,0
DA:121,0
DA:122,0
DA:124,0
DA:125,0
DA:126,0
DA:128,0
DA:129,0
DA:130,0
DA:131,0
DA:134,0
DA:138,0
DA:143,0
DA:145,0
DA:147,0
DA:149,0
LF:66
LH:14
end_of_record
SF:lib\src\rendertheme\shape\paintsrcmixin.dart
DA:24,4
DA:25,4
DA:28,4
DA:29,4
DA:32,4
DA:33,8
DA:34,4
DA:37,2
DA:39,2
DA:41,2
DA:43,2
DA:45,6
DA:47,5
DA:48,10
DA:49,10
DA:50,10
DA:51,10
DA:52,10
DA:53,10
DA:54,10
DA:57,5
DA:58,5
DA:59,10
DA:60,9
DA:62,3
DA:63,9
DA:64,3
DA:65,1
DA:66,3
DA:67,2
DA:69,1
DA:74,0
DA:75,0
DA:78,1
DA:79,2
DA:82,1
DA:84,1
DA:85,1
DA:88,0
DA:89,0
DA:92,1
DA:93,1
DA:96,2
DA:97,2
LF:44
LH:40
end_of_record
SF:lib\src\marker\markercontext.dart
DA:25,0
DA:28,0
DA:31,0
DA:35,0
DA:37,0
LF:5
LH:0
end_of_record
SF:lib\src\marker\markerpainter.dart
DA:14,0
DA:22,0
DA:26,0
DA:28,0
DA:30,0
DA:31,0
DA:32,0
DA:33,0
DA:34,0
DA:36,0
DA:37,0
DA:39,0
DA:40,0
DA:42,0
DA:43,0
DA:46,0
DA:47,0
DA:48,0
DA:49,0
DA:50,0
DA:53,0
DA:55,0
DA:57,0
DA:58,0
DA:60,0
DA:61,0
DA:62,0
DA:63,0
DA:64,0
DA:65,0
DA:66,0
DA:69,0
DA:70,0
DA:71,0
DA:72,0
DA:75,0
DA:76,0
DA:78,0
DA:79,0
DA:81,0
DA:82,0
DA:85,0
DA:86,0
DA:89,0
DA:91,0
DA:95,0
DA:100,0
DA:103,0
LF:48
LH:0
end_of_record
SF:lib\src\paintelements\shape_paint_symbol.dart
DA:26,0
DA:27,0
DA:30,0
DA:32,0
DA:34,0
DA:35,0
DA:36,0
DA:39,0
DA:43,0
DA:44,0
DA:45,0
DA:46,0
DA:49,0
DA:50,0
DA:54,0
DA:55,0
DA:59,0
DA:60,0
DA:61,0
DA:62,0
DA:63,0
DA:64,0
DA:65,0
DA:66,0
DA:67,0
DA:68,0
DA:71,0
DA:72,0
DA:74,0
DA:75,0
DA:76,0
DA:79,0
DA:83,0
DA:84,0
DA:85,0
DA:86,0
DA:88,0
DA:89,0
DA:90,0
DA:97,0
DA:98,0
DA:100,0
DA:101,0
DA:102,0
LF:44
LH:0
end_of_record
SF:lib\src\rendertheme\shape\shape_symbol.dart
DA:13,2
DA:15,1
DA:16,1
DA:17,1
DA:18,2
DA:19,2
DA:20,2
DA:23,0
DA:25,0
DA:27,0
DA:28,0
DA:30,0
DA:31,0
DA:32,0
DA:33,0
DA:35,0
DA:36,0
DA:37,0
DA:39,0
DA:40,0
DA:41,0
DA:43,0
DA:44,0
DA:45,0
DA:47,0
DA:48,0
DA:49,0
DA:51,0
DA:52,0
DA:53,0
DA:55,0
DA:56,0
DA:57,0
DA:59,0
DA:60,0
DA:61,0
DA:63,0
DA:64,0
DA:65,0
DA:67,0
DA:68,0
DA:69,0
DA:73,0
DA:76,0
DA:78,0
DA:81,0
LF:46
LH:7
end_of_record
SF:lib\src\renderer\geometryutils.dart
DA:13,0
DA:14,0
DA:15,0
DA:16,0
DA:17,0
DA:19,0
DA:20,0
DA:21,0
DA:22,0
DA:23,0
DA:26,0
DA:27,0
DA:28,0
DA:29,0
DA:33,0
DA:34,0
DA:37,0
DA:38,0
DA:39,0
DA:40,0
DA:41,0
DA:43,0
DA:44,0
DA:45,0
DA:46,0
DA:47,0
DA:50,0
DA:51,0
DA:52,0
DA:53,0
DA:57,0
DA:58,0
LF:32
LH:0
end_of_record
SF:lib\src\model\linesegment.dart
DA:33,0
DA:42,0
DA:43,0
DA:48,0
DA:49,0
DA:50,0
DA:51,0
DA:52,0
DA:59,0
DA:60,0
DA:61,0
DA:62,0
DA:63,0
DA:64,0
DA:65,0
DA:66,0
DA:67,0
DA:76,0
DA:77,0
DA:78,0
DA:79,0
DA:84,0
DA:85,0
DA:86,0
DA:98,0
DA:99,0
DA:100,0
DA:102,0
DA:103,0
DA:106,0
DA:108,0
DA:109,0
DA:116,0
DA:118,0
DA:120,0
DA:121,0
DA:122,0
DA:124,0
DA:125,0
DA:126,0
DA:128,0
DA:129,0
DA:130,0
DA:132,0
DA:133,0
DA:135,0
DA:139,0
DA:140,0
DA:141,0
DA:143,0
DA:144,0
DA:159,0
DA:160,0
DA:161,0
DA:163,0
DA:166,0
DA:178,0
DA:179,0
DA:180,0
DA:181,0
DA:190,0
DA:191,0
DA:193,0
DA:194,0
DA:196,0
DA:199,0
DA:200,0
DA:201,0
DA:202,0
DA:211,0
DA:212,0
DA:222,0
DA:223,0
DA:224,0
DA:225,0
DA:232,0
DA:234,0
DA:236,0
DA:237,0
DA:239,0
DA:242,0
DA:244,0
DA:245,0
DA:247,0
DA:252,0
DA:255,0
DA:256,0
DA:257,0
DA:258,0
DA:260,0
DA:261,0
DA:263,0
DA:265,0
LF:93
LH:0
end_of_record
SF:lib\src\paintelements\waydecorator.dart
DA:7,0
DA:8,0
DA:9,0
DA:10,0
DA:11,0
DA:12,0
DA:15,0
DA:17,0
DA:18,0
DA:22,0
DA:23,0
DA:24,0
DA:25,0
DA:26,0
DA:30,0
DA:31,0
DA:32,0
DA:33,0
DA:34,0
DA:35,0
DA:38,0
DA:39,0
DA:40,0
DA:42,0
DA:43,0
DA:44,0
LF:26
LH:0
end_of_record
SF:lib\src\projection\scalefactor.dart
DA:12,1
DA:13,2
DA:16,0
DA:17,0
DA:20,1
DA:28,0
DA:29,0
DA:30,0
DA:37,1
DA:38,3
DA:39,3
LF:11
LH:6
end_of_record
SF:lib\src\paintelements\shape_paint.dart
DA:22,1
DA:27,0
DA:28,0
DA:41,1
DA:52,2
DA:53,1
DA:54,1
DA:55,1
DA:56,1
DA:57,1
DA:58,1
DA:59,1
DA:63,0
DA:68,0
DA:73,0
DA:77,0
DA:78,0
DA:79,0
DA:80,0
DA:84,1
DA:86,2
DA:87,2
DA:88,2
DA:89,1
DA:90,7
DA:92,7
LF:26
LH:17
end_of_record
SF:lib\src\rendertheme\wayproperties.dart
DA:45,1
DA:46,2
DA:47,3
DA:49,1
DA:51,3
DA:52,4
DA:53,0
DA:54,1
DA:55,2
DA:56,4
DA:58,3
DA:59,1
DA:60,2
DA:62,1
DA:63,5
DA:64,0
DA:65,2
DA:68,3
DA:70,1
DA:73,0
DA:74,0
DA:76,0
DA:77,0
DA:79,0
DA:80,0
DA:81,0
DA:83,0
DA:101,0
DA:103,0
DA:105,0
DA:109,0
DA:110,0
DA:112,0
DA:115,0
DA:119,0
DA:120,0
DA:121,0
DA:122,0
DA:127,1
DA:128,1
DA:131,1
DA:132,2
LF:42
LH:21
end_of_record
SF:lib\src\paintelements\shape_paint_area.dart
DA:18,0
DA:19,0
DA:20,0
DA:22,0
DA:23,0
DA:25,0
DA:26,0
DA:27,0
DA:28,0
DA:29,0
DA:33,0
DA:35,0
DA:36,0
DA:38,0
DA:39,0
DA:40,0
DA:42,0
DA:44,0
DA:46,0
DA:47,0
DA:52,0
DA:56,0
DA:57,0
DA:59,0
DA:60,0
DA:61,0
DA:65,0
LF:27
LH:0
end_of_record
SF:lib\src\rendertheme\shape\shape_area.dart
DA:18,2
DA:20,1
DA:21,1
DA:22,1
DA:23,1
DA:24,2
DA:25,2
DA:28,0
DA:29,0
DA:32,0
LF:10
LH:7
end_of_record
SF:lib\src\paintelements\shape_paint_circle.dart
DA:16,0
DA:17,0
DA:18,0
DA:19,0
DA:20,0
DA:22,0
DA:23,0
DA:24,0
DA:25,0
DA:26,0
DA:29,0
DA:31,0
DA:34,0
DA:38,0
DA:39,0
DA:40,0
DA:41,0
DA:42,0
DA:45,0
LF:19
LH:0
end_of_record
SF:lib\src\rendertheme\shape\shape_circle.dart
DA:17,2
DA:18,2
DA:21,1
DA:22,1
DA:23,1
DA:24,2
DA:25,2
DA:26,2
DA:28,1
DA:29,2
DA:30,3
DA:32,1
DA:33,3
DA:38,0
DA:40,0
DA:43,0
LF:16
LH:13
end_of_record
SF:lib\src\paintelements\shape_paint_linesymbol.dart
DA:21,0
DA:22,0
DA:25,0
DA:27,0
DA:29,0
DA:30,0
DA:31,0
DA:34,0
DA:39,0
DA:43,0
DA:45,0
DA:48,0
DA:50,0
DA:53,0
DA:54,0
DA:60,0
DA:63,0
DA:64,0
DA:67,0
DA:68,0
DA:69,0
DA:70,0
DA:72,0
DA:74,0
DA:77,0
DA:78,0
DA:79,0
DA:81,0
DA:84,0
DA:85,0
DA:87,0
DA:94,0
DA:95,0
DA:96,0
DA:102,0
DA:103,0
DA:105,0
DA:106,0
DA:107,0
DA:110,0
DA:117,0
DA:118,0
DA:121,0
DA:124,0
DA:127,0
DA:128,0
DA:129,0
LF:47
LH:0
end_of_record
SF:lib\src\rendertheme\shape\shape_linesymbol.dart
DA:32,2
DA:34,1
DA:35,1
DA:38,2
DA:39,2
DA:40,2
DA:41,2
DA:42,2
DA:43,2
DA:44,2
DA:45,2
DA:46,2
DA:48,2
DA:50,2
DA:51,0
DA:53,0
DA:54,0
DA:55,0
DA:56,0
DA:60,1
DA:61,1
DA:64,0
DA:65,0
DA:68,0
DA:69,0
DA:72,0
LF:26
LH:16
end_of_record
SF:lib\src\paintelements\shape_paint_pathtext.dart
DA:30,0
DA:32,0
DA:33,0
DA:34,0
DA:35,0
DA:36,0
DA:37,0
DA:39,0
DA:40,0
DA:41,0
DA:42,0
DA:43,0
DA:44,0
DA:45,0
DA:46,0
DA:47,0
DA:48,0
DA:49,0
DA:50,0
DA:53,0
DA:55,0
DA:58,0
DA:67,0
DA:71,0
DA:73,0
DA:74,0
DA:75,0
DA:76,0
DA:77,0
DA:78,0
DA:81,0
LF:31
LH:0
end_of_record
SF:lib\src\rendertheme\shape\shape_pathtext.dart
DA:26,2
DA:27,2
DA:30,1
DA:31,1
DA:32,1
DA:33,1
DA:34,2
DA:35,2
DA:36,2
DA:37,2
DA:38,2
DA:39,2
DA:40,2
DA:42,2
DA:43,0
DA:45,0
DA:46,0
DA:47,0
DA:51,0
DA:52,0
DA:55,0
LF:21
LH:14
end_of_record
SF:lib\src\paintelements\shape_paint_polyline.dart
DA:18,2
DA:19,1
DA:20,2
DA:22,1
DA:23,1
DA:24,1
DA:25,1
DA:26,1
DA:29,1
DA:31,2
DA:32,0
DA:34,0
DA:35,0
DA:36,0
DA:38,0
DA:40,0
DA:42,0
DA:43,0
DA:48,1
DA:52,1
DA:53,3
DA:54,2
DA:67,0
LF:23
LH:14
end_of_record
SF:lib\src\rendertheme\shape\shape_polyline.dart
DA:18,2
DA:20,1
DA:21,1
DA:22,1
DA:23,1
DA:24,2
DA:25,2
DA:28,0
DA:29,0
DA:32,1
LF:10
LH:8
end_of_record
SF:lib\src\reader\querycalculations.dart
DA:4,0
DA:5,0
DA:6,0
DA:10,0
DA:11,0
DA:14,0
DA:15,0
DA:18,0
DA:19,0
DA:20,0
DA:21,0
DA:22,0
DA:23,0
DA:25,0
DA:29,0
DA:32,0
DA:33,0
DA:35,0
DA:36,0
DA:42,0
DA:43,0
DA:46,0
DA:50,0
DA:59,0
DA:60,0
DA:63,0
DA:66,0
DA:75,0
DA:76,0
DA:79,0
DA:82,0
DA:91,0
DA:92,0
DA:95,0
DA:98,0
DA:107,0
DA:108,0
DA:111,0
DA:114,0
DA:123,0
DA:124,0
LF:41
LH:0
end_of_record
SF:lib\src\renderer\canvasrasterer.dart
DA:15,1
DA:16,2
DA:18,1
DA:19,2
DA:22,1
DA:25,2
DA:27,2
DA:29,2
DA:31,3
DA:35,2
DA:37,0
DA:39,0
DA:41,0
DA:46,1
DA:53,2
DA:54,1
DA:57,0
DA:61,0
DA:62,0
DA:63,0
DA:67,1
DA:71,1
DA:72,2
LF:23
LH:16
end_of_record
SF:lib\src\renderer\datastorereader.dart
DA:12,0
DA:14,0
DA:21,0
DA:22,0
DA:26,0
DA:28,0
DA:33,0
DA:35,0
DA:36,0
DA:38,0
DA:40,0
DA:41,0
DA:47,0
DA:48,0
DA:50,0
DA:52,0
DA:53,0
DA:56,0
DA:57,0
DA:61,0
DA:65,0
DA:67,0
DA:71,0
DA:75,0
DA:76,0
DA:77,0
DA:78,0
DA:79,0
DA:80,0
DA:83,0
DA:84,0
DA:89,0
LF:32
LH:0
end_of_record
SF:lib\src\rendertheme\renderinstruction\renderinstruction.dart
DA:44,1
DA:46,0
DA:47,0
DA:60,0
DA:61,0
DA:63,0
LF:6
LH:1
end_of_record
SF:lib\src\renderer\isolate_datastorereader.dart
DA:17,1
DA:19,1
DA:25,1
DA:26,0
DA:27,0
DA:28,0
DA:33,1
DA:34,1
DA:35,1
DA:40,0
DA:46,0
DA:47,0
DA:48,0
DA:49,0
DA:54,0
DA:55,0
DA:56,0
DA:67,0
DA:84,1
DA:95,1
DA:97,1
DA:106,0
DA:108,0
DA:110,0
DA:111,0
DA:114,0
DA:117,0
DA:119,0
DA:120,0
DA:122,0
DA:123,0
DA:134,1
DA:137,3
DA:138,0
DA:139,0
DA:142,2
DA:145,1
DA:146,2
DA:147,1
DA:148,1
DA:151,0
DA:154,0
DA:155,0
DA:156,0
DA:159,0
DA:162,0
DA:163,0
DA:164,0
DA:165,0
DA:169,1
DA:171,1
DA:172,0
DA:174,0
DA:176,0
DA:177,0
DA:183,2
DA:184,1
DA:186,1
DA:188,2
DA:189,1
DA:192,1
DA:193,0
DA:197,0
DA:201,0
DA:203,0
DA:207,1
DA:211,4
DA:212,0
DA:213,2
DA:214,1
DA:216,0
DA:220,3
DA:225,0
LF:73
LH:29
end_of_record
SF:lib\src\renderer\tiledependencies.dart
DA:16,0
DA:22,1
DA:24,0
DA:25,0
DA:26,0
DA:27,0
DA:29,0
DA:33,0
DA:42,0
DA:43,0
DA:44,0
DA:45,0
DA:46,0
DA:48,0
DA:53,0
DA:54,0
DA:55,0
DA:78,1
DA:79,2
DA:82,2
DA:89,0
DA:90,0
DA:91,0
DA:92,0
DA:95,0
DA:115,0
DA:117,0
DA:120,0
DA:121,0
DA:122,0
DA:134,0
LF:31
LH:4
end_of_record
SF:lib\src\renderer\rendererutils.dart
DA:9,0
DA:11,0
DA:12,0
DA:13,0
DA:16,0
DA:17,0
DA:18,0
DA:19,0
DA:20,0
DA:21,0
DA:23,0
DA:28,0
DA:29,0
DA:32,0
DA:33,0
DA:34,0
DA:35,0
DA:39,0
DA:40,0
LF:19
LH:0
end_of_record
SF:lib\src\rendertheme\noderenderinfo.dart
DA:21,0
DA:23,0
DA:26,0
DA:27,0
DA:34,0
DA:37,0
DA:38,0
DA:41,0
DA:42,0
DA:48,0
DA:51,0
DA:54,0
DA:56,0
DA:58,0
DA:59,0
DA:60,0
DA:61,0
LF:17
LH:0
end_of_record
SF:lib\src\rendertheme\renderinstruction\renderinstruction_area.dart
DA:19,2
DA:21,2
DA:22,1
DA:25,1
DA:27,2
DA:28,2
DA:29,3
DA:32,1
DA:33,5
DA:35,3
DA:36,2
DA:37,1
DA:38,1
DA:39,2
DA:40,1
DA:41,0
DA:42,1
DA:43,3
DA:44,1
DA:45,0
DA:46,0
DA:47,1
DA:48,3
DA:49,1
DA:50,4
DA:51,1
DA:52,1
DA:53,3
DA:54,1
DA:55,3
DA:56,1
DA:57,4
DA:58,2
DA:59,0
DA:61,0
DA:62,0
DA:64,0
DA:69,0
DA:75,0
DA:78,0
DA:81,0
DA:82,0
LF:42
LH:30
end_of_record
SF:lib\src\rendertheme\wayrenderinfo.dart
DA:22,2
DA:24,1
DA:27,2
DA:28,1
DA:35,0
DA:38,0
DA:39,0
DA:42,0
DA:43,0
DA:46,0
DA:48,0
DA:51,0
DA:53,0
DA:55,0
DA:56,0
DA:57,0
DA:58,0
LF:17
LH:4
end_of_record
SF:lib\src\rendertheme\xml\xmlutils.dart
DA:8,0
DA:19,1
DA:22,0
DA:23,0
DA:24,0
DA:39,1
DA:40,2
DA:41,0
DA:42,2
DA:43,2
DA:44,2
DA:45,2
DA:46,2
DA:48,0
DA:52,1
DA:53,1
DA:54,1
DA:55,0
DA:56,0
DA:61,1
DA:62,1
DA:63,1
DA:67,1
DA:68,1
DA:69,1
DA:70,0
DA:71,0
DA:76,1
DA:77,1
DA:78,0
DA:79,0
DA:112,0
DA:116,0
DA:119,1
DA:121,3
DA:123,1
DA:124,3
DA:126,1
DA:127,3
DA:130,1
LF:40
LH:26
end_of_record
SF:lib\src\rendertheme\renderinstruction\renderinstruction_caption.dart
DA:31,1
DA:32,2
DA:35,1
DA:37,2
DA:38,2
DA:39,4
DA:42,1
DA:43,3
DA:44,4
DA:45,2
DA:46,4
DA:48,3
DA:49,2
DA:50,1
DA:52,1
DA:53,3
DA:54,1
DA:55,0
DA:56,1
DA:57,2
DA:58,5
DA:59,1
DA:60,0
DA:61,1
DA:62,3
DA:63,1
DA:64,2
DA:65,5
DA:66,1
DA:67,4
DA:68,1
DA:69,1
DA:70,2
DA:71,5
DA:72,1
DA:73,2
DA:74,5
DA:75,1
DA:76,3
DA:77,1
DA:78,3
DA:79,1
DA:80,4
DA:81,1
DA:82,1
DA:83,2
DA:85,0
DA:89,1
DA:90,4
DA:93,0
DA:95,0
DA:101,0
DA:103,0
DA:104,0
DA:105,0
DA:108,0
DA:109,0
DA:113,0
DA:115,0
DA:120,0
DA:123,0
DA:125,0
DA:126,0
DA:127,0
DA:130,0
LF:65
LH:46
end_of_record
SF:lib\src\rendertheme\renderinstruction\textkey.dart
DA:10,4
DA:12,1
DA:13,5
DA:16,0
DA:18,0
LF:5
LH:3
end_of_record
SF:lib\src\rendertheme\xml\rulebuilder.dart
DA:37,0
DA:72,1
DA:74,1
DA:75,1
DA:76,1
DA:77,1
DA:78,1
DA:79,1
DA:85,1
DA:87,1
DA:88,1
DA:89,1
DA:90,1
DA:91,1
DA:92,1
DA:98,1
DA:99,2
DA:100,1
DA:103,2
DA:105,1
DA:106,2
DA:111,1
DA:112,4
DA:113,1
DA:116,2
DA:118,1
DA:119,2
DA:124,1
DA:125,1
DA:126,1
DA:130,1
DA:131,1
DA:134,1
DA:135,2
DA:136,4
DA:137,0
DA:138,0
DA:140,4
DA:141,0
DA:142,0
DA:144,3
DA:145,0
DA:146,0
DA:148,3
DA:149,0
DA:150,0
DA:165,1
DA:166,2
DA:168,3
DA:169,1
DA:172,2
DA:173,2
DA:175,2
DA:176,2
DA:178,1
DA:181,1
DA:182,3
DA:183,2
DA:184,1
DA:186,1
DA:187,1
DA:188,5
DA:189,1
DA:190,1
DA:191,1
DA:192,1
DA:193,1
DA:194,0
DA:195,1
DA:196,1
DA:197,5
DA:198,1
DA:199,2
DA:200,1
DA:201,2
DA:203,0
DA:207,2
DA:209,4
DA:212,4
DA:214,3
DA:216,3
DA:218,2
DA:219,2
DA:221,2
DA:222,2
DA:224,2
DA:226,1
DA:227,1
DA:229,1
DA:231,1
DA:234,1
DA:237,1
DA:238,0
DA:239,1
DA:240,0
DA:241,1
DA:243,0
DA:244,0
DA:245,0
DA:246,0
DA:247,0
DA:248,0
DA:249,0
DA:251,0
DA:253,0
DA:259,1
DA:260,2
DA:262,2
DA:264,2
DA:266,3
DA:267,0
DA:268,0
DA:272,1
DA:273,2
DA:275,1
DA:276,1
DA:277,4
DA:278,1
DA:279,2
DA:280,4
DA:287,1
DA:288,1
DA:289,2
DA:290,1
DA:291,1
DA:292,1
DA:293,4
DA:295,1
DA:296,1
DA:298,3
DA:299,1
DA:300,1
DA:301,1
DA:304,1
DA:305,0
DA:307,1
DA:308,1
DA:309,2
DA:310,1
DA:311,1
DA:312,1
DA:313,4
DA:318,1
DA:319,0
DA:341,1
DA:342,1
DA:343,2
DA:344,1
DA:345,1
DA:346,1
DA:347,4
DA:349,1
DA:350,1
DA:352,2
DA:353,1
DA:354,1
DA:355,1
DA:361,1
DA:362,0
DA:368,1
DA:369,0
DA:375,1
DA:376,1
DA:377,2
DA:378,1
DA:379,1
DA:380,1
DA:383,1
DA:384,0
DA:390,1
DA:391,1
DA:393,3
DA:394,1
DA:395,1
DA:396,1
DA:399,0
DA:400,0
DA:408,0
DA:409,0
DA:410,0
DA:412,0
DA:414,0
DA:415,0
DA:416,0
DA:417,0
DA:418,0
DA:420,0
DA:421,0
DA:422,0
DA:423,0
DA:424,0
DA:425,0
DA:426,0
DA:431,0
DA:432,0
DA:433,0
DA:436,0
DA:439,0
DA:440,0
DA:444,1
DA:446,1
DA:452,1
DA:460,1
DA:466,0
DA:473,1
DA:474,1
DA:478,1
DA:483,0
DA:490,1
DA:491,2
DA:494,0
DA:496,0
DA:517,1
DA:519,0
DA:520,0
DA:521,0
DA:523,0
DA:524,0
DA:525,0
DA:527,0
DA:530,0
DA:531,0
DA:532,0
DA:533,0
DA:534,0
DA:537,0
DA:540,0
DA:541,0
DA:544,0
DA:545,0
DA:547,0
DA:548,0
DA:549,0
DA:551,0
DA:560,0
DA:562,0
LF:236
LH:156
end_of_record
SF:lib\src\rendertheme\renderinstruction\renderinstruction_circle.dart
DA:19,1
DA:20,2
DA:23,1
DA:25,2
DA:26,2
DA:27,3
DA:30,1
DA:31,3
DA:32,2
DA:33,1
DA:35,2
DA:36,4
DA:37,1
DA:38,1
DA:39,0
DA:40,1
DA:41,3
DA:42,1
DA:43,3
DA:44,0
DA:45,0
DA:46,0
DA:47,0
DA:48,0
DA:50,0
DA:54,1
DA:55,4
DA:58,0
DA:60,0
DA:61,0
DA:65,0
LF:31
LH:20
end_of_record
SF:lib\src\rendertheme\renderinstruction\renderinstruction_hillshading.dart
DA:27,1
DA:30,0
DA:32,0
DA:33,0
DA:34,0
DA:36,0
DA:37,0
DA:38,0
DA:39,0
DA:40,0
DA:41,0
DA:44,0
DA:46,0
DA:48,0
DA:49,0
DA:50,0
DA:51,0
DA:53,0
DA:57,0
DA:58,0
DA:59,0
DA:60,0
DA:61,0
DA:62,0
DA:63,0
DA:64,0
DA:67,0
DA:70,0
DA:80,0
DA:81,0
DA:82,0
DA:91,0
DA:92,0
DA:94,0
DA:95,0
DA:100,0
DA:101,0
DA:104,0
DA:106,0
DA:107,0
DA:108,0
DA:109,0
DA:110,0
DA:111,0
DA:112,0
DA:114,0
DA:116,0
DA:117,0
DA:118,0
DA:119,0
DA:120,0
DA:121,0
DA:122,0
DA:123,0
DA:125,0
DA:127,0
DA:128,0
DA:129,0
DA:130,0
DA:131,0
DA:132,0
DA:133,0
DA:135,0
DA:137,0
DA:138,0
DA:139,0
DA:140,0
DA:141,0
DA:142,0
DA:143,0
DA:144,0
DA:149,0
DA:151,0
DA:153,0
DA:156,0
LF:75
LH:1
end_of_record
SF:lib\src\rendertheme\shape\shape_hillshading.dart
DA:13,0
DA:17,0
DA:19,0
DA:23,0
DA:25,0
DA:27,0
DA:30,0
LF:7
LH:0
end_of_record
SF:lib\src\rendertheme\renderinstruction\renderinstruction_linesymbol.dart
DA:20,1
DA:21,2
DA:24,1
DA:26,2
DA:27,2
DA:28,3
DA:31,1
DA:33,4
DA:34,4
DA:35,5
DA:36,2
DA:38,3
DA:39,2
DA:40,1
DA:42,1
DA:43,2
DA:44,1
DA:45,3
DA:46,1
DA:47,0
DA:48,1
DA:49,2
DA:50,5
DA:51,1
DA:52,0
DA:53,1
DA:54,0
DA:55,0
DA:56,1
DA:57,3
DA:58,1
DA:59,3
DA:60,1
DA:61,0
DA:62,0
DA:63,1
DA:64,0
DA:65,0
DA:66,1
DA:67,3
DA:68,0
DA:69,0
DA:70,0
DA:71,0
DA:73,0
DA:74,0
DA:75,0
DA:76,0
DA:77,0
DA:78,0
DA:80,0
DA:81,0
DA:83,0
DA:88,0
DA:95,0
DA:98,0
DA:99,0
DA:103,0
DA:104,0
LF:59
LH:32
end_of_record
SF:lib\src\rendertheme\renderinstruction\renderinstruction_pathtext.dart
DA:26,1
DA:29,2
DA:30,1
DA:31,1
DA:34,1
DA:36,2
DA:37,2
DA:38,3
DA:41,1
DA:42,3
DA:43,4
DA:44,4
DA:45,2
DA:47,3
DA:48,2
DA:49,1
DA:51,1
DA:52,3
DA:53,1
DA:54,0
DA:55,1
DA:56,2
DA:57,5
DA:58,1
DA:59,0
DA:60,1
DA:61,3
DA:62,1
DA:63,0
DA:64,0
DA:65,1
DA:66,4
DA:67,1
DA:68,1
DA:69,2
DA:70,5
DA:71,1
DA:72,0
DA:73,1
DA:74,0
DA:75,0
DA:76,1
DA:77,0
DA:78,0
DA:79,1
DA:80,0
DA:81,1
DA:82,3
DA:83,1
DA:84,0
DA:85,1
DA:86,3
DA:87,1
DA:88,4
DA:89,1
DA:91,0
DA:95,1
DA:96,4
DA:99,0
DA:105,1
DA:108,4
DA:114,0
DA:115,0
DA:119,0
DA:120,0
DA:121,0
DA:122,0
DA:123,0
LF:68
LH:48
end_of_record
SF:lib\src\rendertheme\renderinstruction\renderinstruction_polyline.dart
DA:21,1
DA:22,2
DA:25,1
DA:27,2
DA:28,2
DA:29,3
DA:32,1
DA:34,5
DA:36,2
DA:39,3
DA:40,2
DA:41,1
DA:43,1
DA:44,2
DA:45,1
DA:46,0
DA:47,1
DA:48,0
DA:49,1
DA:50,0
DA:51,0
DA:52,0
DA:54,1
DA:55,3
DA:56,1
DA:57,1
DA:58,2
DA:59,0
DA:60,0
DA:62,2
DA:63,1
DA:64,2
DA:65,5
DA:66,1
DA:67,0
DA:68,0
DA:69,1
DA:70,4
DA:71,1
DA:72,0
DA:73,0
DA:74,0
DA:75,0
DA:76,0
DA:77,0
DA:79,0
DA:80,0
DA:82,0
DA:87,1
DA:88,1
DA:90,3
DA:91,1
DA:99,0
DA:106,1
DA:109,4
DA:110,4
DA:113,1
DA:114,4
LF:58
LH:39
end_of_record
SF:lib\src\rendertheme\renderinstruction\renderinstruction_symbol.dart
DA:24,1
DA:25,2
DA:28,1
DA:30,2
DA:31,2
DA:32,4
DA:35,1
DA:36,5
DA:37,2
DA:39,3
DA:40,2
DA:41,1
DA:43,1
DA:44,2
DA:45,1
DA:46,0
DA:47,1
DA:48,0
DA:49,0
DA:50,1
DA:51,2
DA:52,0
DA:53,0
DA:54,0
DA:55,0
DA:56,0
DA:57,0
DA:58,0
DA:59,0
DA:61,0
DA:62,0
DA:64,0
DA:69,0
DA:72,0
DA:73,0
DA:75,0
DA:79,0
DA:82,0
DA:84,0
DA:87,0
DA:88,0
DA:90,0
DA:91,0
LF:43
LH:18
end_of_record
SF:lib\src\rendertheme\rule\anymatcher.dart
DA:10,2
DA:12,1
DA:14,0
DA:16,0
DA:19,0
DA:21,0
DA:24,0
DA:26,0
DA:29,1
DA:34,1
DA:39,1
LF:11
LH:5
end_of_record
SF:lib\src\rendertheme\rule\closedwaymatcher.dart
DA:5,2
DA:7,1
DA:9,0
DA:11,0
DA:14,1
DA:16,1
LF:6
LH:4
end_of_record
SF:lib\src\rendertheme\rule\elementnodematcher.dart
DA:5,2
DA:7,1
DA:9,0
DA:11,0
DA:14,1
DA:16,1
LF:6
LH:4
end_of_record
SF:lib\src\rendertheme\rule\elementwaymatcher.dart
DA:5,2
DA:7,1
DA:9,0
DA:11,0
DA:14,1
DA:16,1
LF:6
LH:4
end_of_record
SF:lib\src\rendertheme\rule\keymatcher.dart
DA:10,1
DA:12,0
DA:14,0
DA:18,0
DA:19,0
DA:20,0
DA:21,0
DA:23,0
DA:25,0
DA:28,1
DA:30,5
DA:34,0
DA:36,0
LF:13
LH:3
end_of_record
SF:lib\src\rendertheme\rule\linearwaymatcher.dart
DA:5,2
DA:7,1
DA:9,0
DA:11,0
DA:14,1
DA:16,1
LF:6
LH:4
end_of_record
SF:lib\src\rendertheme\rule\matchingcachekey.dart
DA:10,1
DA:13,0
DA:15,0
DA:18,0
DA:21,0
DA:22,0
DA:23,0
DA:24,0
DA:26,0
DA:27,0
DA:28,0
DA:30,0
DA:31,0
DA:32,0
DA:33,0
DA:35,1
DA:37,2
DA:38,3
DA:39,3
DA:40,1
DA:41,3
DA:42,3
LF:22
LH:8
end_of_record
SF:lib\src\rendertheme\rule\negativematcher.dart
DA:9,1
DA:11,0
DA:16,1
DA:18,1
DA:23,5
DA:27,1
DA:29,5
DA:33,0
DA:35,0
LF:9
LH:6
end_of_record
SF:lib\src\rendertheme\rule\negativerule.dart
DA:14,1
DA:15,1
DA:18,1
DA:20,1
DA:21,1
DA:23,1
DA:26,1
DA:30,1
DA:32,4
DA:35,0
DA:37,0
DA:39,0
DA:40,0
DA:43,1
DA:45,1
DA:47,2
DA:48,2
DA:49,2
DA:52,0
DA:54,0
LF:20
LH:14
end_of_record
SF:lib\src\rendertheme\rule\rule.dart
DA:15,3
DA:16,3
DA:27,1
DA:28,1
DA:29,1
DA:30,1
DA:31,1
DA:32,1
DA:33,1
DA:34,1
DA:35,3
DA:36,3
DA:37,1
DA:38,2
DA:42,1
DA:44,1
DA:45,1
DA:46,1
DA:49,1
DA:50,1
DA:54,0
DA:55,0
DA:58,0
DA:59,0
DA:62,0
DA:63,0
DA:66,0
DA:67,0
DA:68,0
DA:75,1
DA:76,1
DA:77,1
DA:78,3
DA:79,1
DA:80,1
DA:83,1
DA:84,2
DA:85,1
DA:86,1
DA:88,2
DA:89,1
DA:99,0
DA:101,0
DA:102,0
DA:103,0
DA:104,0
DA:109,1
DA:111,3
DA:112,2
DA:113,3
DA:114,1
DA:119,0
DA:120,0
DA:121,0
DA:125,0
DA:126,0
DA:130,0
DA:132,0
DA:139,0
DA:140,0
DA:141,0
LF:61
LH:37
end_of_record
SF:lib\src\rendertheme\rule\positiverule.dart
DA:15,1
DA:16,1
DA:19,1
DA:21,1
DA:22,1
DA:23,1
DA:25,1
DA:28,1
DA:32,1
DA:34,4
DA:37,0
DA:39,0
DA:41,0
DA:42,0
DA:43,0
DA:46,1
DA:48,1
DA:50,2
DA:51,2
DA:52,2
DA:53,2
DA:56,0
DA:59,0
DA:60,0
DA:61,0
DA:62,0
DA:64,0
DA:65,0
DA:67,0
DA:69,0
DA:70,0
LF:31
LH:16
end_of_record
SF:lib\src\rendertheme\rule\ruleoptimizer.dart
DA:15,0
DA:17,1
DA:19,2
DA:21,1
DA:22,1
DA:23,1
DA:24,1
DA:27,0
DA:30,1
DA:32,1
DA:36,2
DA:38,0
DA:39,0
DA:40,0
DA:41,0
DA:43,0
DA:44,0
DA:51,1
DA:53,1
DA:57,2
DA:58,0
DA:59,0
DA:60,0
DA:62,0
DA:63,0
DA:70,1
DA:72,3
DA:73,2
DA:74,0
DA:75,0
DA:76,0
DA:77,0
DA:85,1
DA:87,3
DA:88,2
DA:89,0
DA:90,0
DA:91,0
DA:92,0
LF:39
LH:18
end_of_record
SF:lib\src\rendertheme\rule\valuematcher.dart
DA:10,1
DA:12,0
DA:14,0
DA:18,0
DA:19,0
DA:20,0
DA:21,0
DA:23,0
DA:25,0
DA:28,1
DA:31,5
DA:35,0
DA:37,0
LF:13
LH:3
end_of_record
SF:lib\src\utils\reducehelper.dart
DA:6,1
DA:9,3
DA:10,4
DA:11,2
DA:12,1
DA:17,1
DA:18,1
DA:19,3
DA:20,1
DA:21,3
DA:24,3
DA:27,1
DA:39,1
DA:41,1
DA:42,3
DA:45,1
DA:46,2
DA:47,2
DA:48,2
DA:49,2
DA:53,2
DA:56,0
DA:57,2
DA:59,0
DA:63,3
DA:65,2
DA:67,2
DA:69,4
DA:72,3
DA:74,2
DA:82,8
LF:31
LH:29
end_of_record
SF:lib\src\view\backgroundpainter.dart
DA:9,0
DA:11,0
DA:13,0
DA:14,0
DA:17,0
DA:23,0
DA:28,0
DA:31,0
LF:8
LH:0
end_of_record
SF:lib\src\view\errorhelper_widget.dart
DA:5,0
DA:23,0
DA:24,0
DA:25,0
DA:28,0
DA:30,0
LF:6
LH:0
end_of_record
SF:lib\src\view\zoompainter.dart
DA:16,0
DA:18,0
DA:22,0
DA:25,0
DA:27,0
DA:28,0
DA:29,0
DA:30,0
DA:32,0
DA:33,0
DA:34,0
DA:37,0
DA:39,0
DA:41,0
DA:42,0
DA:45,0
DA:46,0
DA:47,0
DA:48,0
DA:49,0
DA:50,0
DA:51,0
DA:54,0
DA:56,0
DA:58,0
DA:61,0
DA:62,0
DA:65,0
DA:66,0
DA:70,0
LF:30
LH:0
end_of_record
SF:lib\src\view\view_jobqueue.dart
DA:16,0
DA:33,0
DA:35,0
DA:36,0
DA:37,0
DA:42,0
DA:44,0
DA:45,0
DA:48,0
DA:49,0
DA:52,0
DA:54,0
DA:55,0
DA:56,0
DA:57,0
DA:58,0
DA:59,0
DA:61,0
DA:62,0
DA:63,0
DA:66,0
DA:67,0
DA:68,0
DA:69,0
DA:70,0
DA:71,0
DA:72,0
DA:73,0
DA:74,0
DA:75,0
DA:76,0
DA:83,0
DA:84,0
DA:85,0
DA:86,0
DA:87,0
DA:88,0
DA:89,0
DA:91,0
DA:92,0
DA:95,0
DA:97,0
DA:98,0
DA:99,0
DA:101,0
DA:102,0
DA:103,0
DA:104,0
DA:106,0
DA:108,0
DA:109,0
DA:111,0
DA:114,0
DA:115,0
DA:116,0
DA:117,0
DA:118,0
LF:57
LH:0
end_of_record
SF:lib\src\view\view_zoom_painter.dart
DA:13,0
DA:19,0
DA:20,0
DA:24,0
DA:27,0
DA:29,0
DA:32,0
DA:33,0
DA:34,0
DA:35,0
DA:36,0
DA:38,0
DA:39,0
DA:40,0
DA:43,0
DA:45,0
DA:47,0
DA:48,0
DA:51,0
DA:52,0
DA:53,0
DA:54,0
DA:55,0
DA:56,0
DA:57,0
DA:60,0
DA:61,0
DA:62,0
DA:64,0
DA:65,0
DA:66,0
DA:67,0
DA:72,0
DA:73,0
DA:74,0
DA:75,0
DA:76,0
DA:79,0
DA:81,0
DA:82,0
DA:93,0
DA:95,0
DA:98,0
DA:99,0
DA:102,0
DA:103,0
DA:105,0
DA:108,0
LF:48
LH:0
end_of_record
